2024.09.17 12:00:28 INFO  Started: Metals version 1.3.5 in folders '/home/werunow/scala_project/hello-world2' for client Visual Studio Code 1.93.0.[0m
SLF4J(W): Class path contains multiple SLF4J providers.
SLF4J(W): Found provider [scribe.slf4j.ScribeServiceProvider@57bd556d]
SLF4J(W): Found provider [ch.qos.logback.classic.spi.LogbackServiceProvider@69f49b92]
SLF4J(W): See https://www.slf4j.org/codes.html#multiple_bindings for an explanation.
SLF4J(I): Actual provider is of type [scribe.slf4j.ScribeServiceProvider@57bd556d]
2024.09.17 12:00:30 WARN  Flyway upgrade recommended: H2 2.3.230 is newer than this version of Flyway and support has not been tested. The latest supported version of H2 is 2.2.220.[0m
2024.09.17 12:00:30 INFO  no build target found for /home/werunow/scala_project/hello-world2/build.sbt. Using presentation compiler with project's scala-library version: 3.3.3[0m
2024.09.17 12:00:32 INFO  running '/home/werunow/.cache/coursier/arc/https/github.com/adoptium/temurin17-binaries/releases/download/jdk-17%252B35/OpenJDK17-jdk_x64_linux_hotspot_17_35.tar.gz/jdk-17+35/bin/java -Djline.terminal=jline.UnsupportedTerminal -Dsbt.log.noformat=true -Dfile.encoding=UTF-8 -jar /tmp/metals9809172788254190640/sbt-launch.jar -Dbloop.export-jar-classifiers=sources bloopInstall'[0m
2024.09.17 12:00:33 ERROR [info] [launcher] getting org.scala-sbt sbt 1.10.2  (this may take some time)...[0m
2024.09.17 12:00:35 WARN  no build target for: /home/werunow/scala_project/hello-world2/project/metals.sbt[0m
2024.09.17 12:00:35 WARN  no build target for: /home/werunow/scala_project/hello-world2/project/project/metals.sbt[0m
2024.09.17 12:00:35 INFO  no build target found for /home/werunow/scala_project/hello-world2/project/project/metals.sbt. Using presentation compiler with project's scala-library version: 3.3.3[0m
2024.09.17 12:00:35 WARN  Could not find semantic tokens for: file:///home/werunow/scala_project/hello-world2/build.sbt[0m
2024.09.17 12:00:35 INFO  no build target found for /home/werunow/scala_project/hello-world2/project/metals.sbt. Using presentation compiler with project's scala-library version: 3.3.3[0m
2024.09.17 12:00:38 INFO  no build target found for /home/werunow/scala_project/hello-world2/build.sbt. Using presentation compiler with project's scala-library version: 3.3.3[0m
2024.09.17 12:00:38 WARN  Could not find semantic tokens for: file:///home/werunow/scala_project/hello-world2/build.sbt[0m
2024.09.17 12:00:48 ERROR [info] [launcher] getting Scala 2.12.19 (for sbt)...[0m
2024.09.17 12:00:50 INFO  [info] welcome to sbt 1.10.2 (Eclipse Adoptium Java 17)[0m
2024.09.17 12:00:51 INFO  no build target found for /home/werunow/scala_project/hello-world2/build.sbt. Using presentation compiler with project's scala-library version: 3.3.3[0m
2024.09.17 12:00:51 INFO  no build target found for /home/werunow/scala_project/hello-world2/build.sbt. Using presentation compiler with project's scala-library version: 3.3.3[0m
2024.09.17 12:00:53 INFO  no build target found for /home/werunow/scala_project/hello-world2/build.sbt. Using presentation compiler with project's scala-library version: 3.3.3[0m
2024.09.17 12:00:54 INFO  [info] loading settings for project hello-world2-build-build from metals.sbt ...[0m
2024.09.17 12:00:54 INFO  [info] loading project definition from /home/werunow/scala_project/hello-world2/project/project[0m
2024.09.17 12:00:55 WARN  Build server is not auto-connectable.[0m
2024.09.17 12:00:55 INFO  no build target found for /home/werunow/scala_project/hello-world2/build.sbt. Using presentation compiler with project's scala-library version: 3.3.3[0m
2024.09.17 12:00:56 WARN  Build server is not auto-connectable.[0m
2024.09.17 12:00:56 WARN  Build server is not auto-connectable.[0m
2024.09.17 12:00:56 WARN  Build server is not auto-connectable.[0m
2024.09.17 12:00:58 INFO  [info] loading settings for project hello-world2-build from metals.sbt ...[0m
2024.09.17 12:00:58 INFO  [info] loading project definition from /home/werunow/scala_project/hello-world2/project[0m
2024.09.17 12:01:06 INFO  [success] Generated .bloop/hello-world2-build.json[0m
2024.09.17 12:01:06 INFO  [success] Total time: 9 s, completed Sep 17, 2024, 12:01:06 PM[0m
2024.09.17 12:01:08 INFO  [info] loading settings for project hello-world2 from build.sbt ...[0m
2024.09.17 12:01:08 INFO  [info] set current project to hello-world (in build file:/home/werunow/scala_project/hello-world2/)[0m
2024.09.17 12:01:19 INFO  [success] Generated .bloop/hello-world2-test.json[0m
2024.09.17 12:01:19 INFO  [success] Generated .bloop/hello-world2.json[0m
2024.09.17 12:01:19 INFO  [success] Total time: 11 s, completed Sep 17, 2024, 12:01:19 PM[0m
2024.09.17 12:01:20 INFO  time: ran 'sbt bloopInstall' in 47s[0m
2024.09.17 12:01:20 INFO  Attempting to connect to the build server...[0m
2024.09.17 12:01:20 INFO  tracing is disabled for protocol BSP, to enable tracing of incoming and outgoing JSON messages create an empty file at /home/werunow/scala_project/hello-world2/.metals/bsp.trace.json or /home/werunow/.cache/metals/bsp.trace.json[0m
2024.09.17 12:01:23 INFO  no build target found for /home/werunow/scala_project/hello-world2/build.sbt. Using presentation compiler with project's scala-library version: 3.3.3[0m
2024.09.17 12:01:24 INFO  no build target found for /home/werunow/scala_project/hello-world2/build.sbt. Using presentation compiler with project's scala-library version: 3.3.3[0m
2024.09.17 12:01:27 INFO  no build target found for /home/werunow/scala_project/hello-world2/build.sbt. Using presentation compiler with project's scala-library version: 3.3.3[0m
2024.09.17 12:01:28 INFO  Attempting to connect to the build server...[0m
2024.09.17 12:01:28 INFO  tracing is disabled for protocol BSP, to enable tracing of incoming and outgoing JSON messages create an empty file at /home/werunow/scala_project/hello-world2/project/.metals/bsp.trace.json or /home/werunow/.cache/metals/bsp.trace.json[0m
2024.09.17 12:01:35 INFO  time: Connected to build server in 15s[0m
2024.09.17 12:01:35 INFO  Connected to Build server: Bloop v1.6.0[0m
2024.09.17 12:01:35 INFO  time: Imported build in 0.19s[0m
2024.09.17 12:01:35 INFO  running doctor check[0m
2024.09.17 12:01:35 INFO  java targets: hello-world2, hello-world2-build, hello-world2-test[0m
2024.09.17 12:01:48 WARN  Flyway upgrade recommended: H2 2.3.230 is newer than this version of Flyway and support has not been tested. The latest supported version of H2 is 2.2.220.[0m
2024.09.17 12:01:50 INFO  time: code lens generation in 6.89s[0m
2024.09.17 12:01:56 INFO  time: indexed workspace in 21s[0m
2024.09.17 12:02:08 INFO  compiling hello-world2 (1 scala source)[0m
2024.09.17 12:02:14 INFO  time: compiled hello-world2 in 5.83s[0m
2024.09.17 12:02:29 INFO  no build target found for /home/werunow/scala_project/hello-world2/sample.scala. Using presentation compiler with project's scala-library version: 2.13.12[0m
2024.09.17 12:02:31 INFO  no build target found for /home/werunow/scala_project/hello-world2/sample.scala. Using presentation compiler with project's scala-library version: 2.13.12[0m
2024.09.17 12:02:31 INFO  no build target found for /home/werunow/scala_project/hello-world2/sample.scala. Using presentation compiler with project's scala-library version: 2.13.12[0m
2024.09.17 12:02:32 INFO  no build target found for /home/werunow/scala_project/hello-world2/sample.scala. Using presentation compiler with project's scala-library version: 2.13.12[0m
2024.09.17 12:02:32 INFO  no build target found for /home/werunow/scala_project/hello-world2/sample.scala. Using presentation compiler with project's scala-library version: 2.13.12[0m
2024.09.17 12:02:32 INFO  no build target found for /home/werunow/scala_project/hello-world2/sample.scala. Using presentation compiler with project's scala-library version: 2.13.12[0m
2024.09.17 12:02:32 INFO  no build target found for /home/werunow/scala_project/hello-world2/sample.scala. Using presentation compiler with project's scala-library version: 2.13.12[0m
2024.09.17 12:02:32 INFO  no build target found for /home/werunow/scala_project/hello-world2/sample.scala. Using presentation compiler with project's scala-library version: 2.13.12[0m
2024.09.17 12:02:32 INFO  no build target found for /home/werunow/scala_project/hello-world2/sample.scala. Using presentation compiler with project's scala-library version: 2.13.12[0m
2024.09.17 12:02:33 INFO  no build target found for /home/werunow/scala_project/hello-world2/sample.scala. Using presentation compiler with project's scala-library version: 2.13.12[0m
2024.09.17 12:02:32 INFO  no build target found for /home/werunow/scala_project/hello-world2/sample.scala. Using presentation compiler with project's scala-library version: 2.13.12[0m
2024.09.17 12:02:32 INFO  no build target found for /home/werunow/scala_project/hello-world2/sample.scala. Using presentation compiler with project's scala-library version: 2.13.12[0m
2024.09.17 12:02:32 INFO  no build target found for /home/werunow/scala_project/hello-world2/sample.scala. Using presentation compiler with project's scala-library version: 2.13.12[0m
2024.09.17 12:02:33 INFO  no build target found for /home/werunow/scala_project/hello-world2/sample.scala. Using presentation compiler with project's scala-library version: 2.13.12[0m
2024.09.17 12:02:33 INFO  no build target found for /home/werunow/scala_project/hello-world2/sample.scala. Using presentation compiler with project's scala-library version: 2.13.12[0m
2024.09.17 12:02:33 INFO  no build target found for /home/werunow/scala_project/hello-world2/sample.scala. Using presentation compiler with project's scala-library version: 2.13.12[0m
2024.09.17 12:02:33 INFO  no build target found for /home/werunow/scala_project/hello-world2/sample.scala. Using presentation compiler with project's scala-library version: 2.13.12[0m
2024.09.17 12:02:33 INFO  no build target found for /home/werunow/scala_project/hello-world2/sample.scala. Using presentation compiler with project's scala-library version: 2.13.12[0m
2024.09.17 12:02:34 INFO  no build target found for /home/werunow/scala_project/hello-world2/sample.scala. Using presentation compiler with project's scala-library version: 2.13.12[0m
2024.09.17 12:02:33 INFO  no build target found for /home/werunow/scala_project/hello-world2/sample.scala. Using presentation compiler with project's scala-library version: 2.13.12[0m
2024.09.17 12:02:35 INFO  no build target found for /home/werunow/scala_project/hello-world2/sample.scala. Using presentation compiler with project's scala-library version: 2.13.12[0m
2024.09.17 12:02:35 INFO  no build target found for /home/werunow/scala_project/hello-world2/sample.scala. Using presentation compiler with project's scala-library version: 2.13.12[0m
2024.09.17 12:02:35 INFO  no build target found for /home/werunow/scala_project/hello-world2/sample.scala. Using presentation compiler with project's scala-library version: 2.13.12[0m
2024.09.17 12:02:35 INFO  no build target found for /home/werunow/scala_project/hello-world2/sample.scala. Using presentation compiler with project's scala-library version: 2.13.12[0m
2024.09.17 12:02:35 INFO  no build target found for /home/werunow/scala_project/hello-world2/sample.scala. Using presentation compiler with project's scala-library version: 2.13.12[0m
2024.09.17 12:02:35 INFO  no build target found for /home/werunow/scala_project/hello-world2/sample.scala. Using presentation compiler with project's scala-library version: 2.13.12[0m
2024.09.17 12:02:36 INFO  no build target found for /home/werunow/scala_project/hello-world2/sample.scala. Using presentation compiler with project's scala-library version: 2.13.12[0m
2024.09.17 12:02:36 INFO  no build target found for /home/werunow/scala_project/hello-world2/sample.scala. Using presentation compiler with project's scala-library version: 2.13.12[0m
2024.09.17 12:02:36 INFO  no build target found for /home/werunow/scala_project/hello-world2/sample.scala. Using presentation compiler with project's scala-library version: 2.13.12[0m
2024.09.17 12:02:36 INFO  no build target found for /home/werunow/scala_project/hello-world2/sample.scala. Using presentation compiler with project's scala-library version: 2.13.12[0m
2024.09.17 12:02:36 INFO  no build target found for /home/werunow/scala_project/hello-world2/sample.scala. Using presentation compiler with project's scala-library version: 2.13.12[0m
2024.09.17 12:02:37 INFO  no build target found for /home/werunow/scala_project/hello-world2/sample.scala. Using presentation compiler with project's scala-library version: 2.13.12[0m
2024.09.17 12:02:39 INFO  no build target found for /home/werunow/scala_project/hello-world2/sample.scala. Using presentation compiler with project's scala-library version: 2.13.12[0m
2024.09.17 12:02:39 INFO  no build target found for /home/werunow/scala_project/hello-world2/sample.scala. Using presentation compiler with project's scala-library version: 2.13.12[0m
2024.09.17 12:02:39 INFO  no build target found for /home/werunow/scala_project/hello-world2/sample.scala. Using presentation compiler with project's scala-library version: 2.13.12[0m
2024.09.17 12:02:39 INFO  no build target found for /home/werunow/scala_project/hello-world2/sample.scala. Using presentation compiler with project's scala-library version: 2.13.12[0m
2024.09.17 12:02:39 INFO  no build target found for /home/werunow/scala_project/hello-world2/sample.scala. Using presentation compiler with project's scala-library version: 2.13.12[0m
Sep 17, 2024 12:02:39 PM org.eclipse.lsp4j.jsonrpc.RemoteEndpoint handleCancellation
WARNING: Unmatched cancel notification for request id 83
2024.09.17 12:02:39 INFO  no build target found for /home/werunow/scala_project/hello-world2/sample.scala. Using presentation compiler with project's scala-library version: 2.13.12[0m
2024.09.17 12:02:39 INFO  no build target found for /home/werunow/scala_project/hello-world2/sample.scala. Using presentation compiler with project's scala-library version: 2.13.12[0m
2024.09.17 12:02:39 INFO  no build target found for /home/werunow/scala_project/hello-world2/sample.scala. Using presentation compiler with project's scala-library version: 2.13.12[0m
2024.09.17 12:02:40 INFO  no build target found for /home/werunow/scala_project/hello-world2/sample.scala. Using presentation compiler with project's scala-library version: 2.13.12[0m
2024.09.17 12:02:40 INFO  no build target found for /home/werunow/scala_project/hello-world2/sample.scala. Using presentation compiler with project's scala-library version: 2.13.12[0m
2024.09.17 12:02:40 INFO  no build target found for /home/werunow/scala_project/hello-world2/sample.scala. Using presentation compiler with project's scala-library version: 2.13.12[0m
2024.09.17 12:02:40 INFO  no build target found for /home/werunow/scala_project/hello-world2/sample.scala. Using presentation compiler with project's scala-library version: 2.13.12[0m
2024.09.17 12:02:40 INFO  no build target found for /home/werunow/scala_project/hello-world2/sample.scala. Using presentation compiler with project's scala-library version: 2.13.12[0m
2024.09.17 12:02:41 INFO  no build target found for /home/werunow/scala_project/hello-world2/sample.scala. Using presentation compiler with project's scala-library version: 2.13.12[0m
2024.09.17 12:02:41 INFO  no build target found for /home/werunow/scala_project/hello-world2/sample.scala. Using presentation compiler with project's scala-library version: 2.13.12[0m
2024.09.17 12:02:41 INFO  no build target found for /home/werunow/scala_project/hello-world2/sample.scala. Using presentation compiler with project's scala-library version: 2.13.12[0m
2024.09.17 12:02:42 INFO  no build target found for /home/werunow/scala_project/hello-world2/sample.scala. Using presentation compiler with project's scala-library version: 2.13.12[0m
2024.09.17 12:02:42 WARN  no build target for: /home/werunow/scala_project/hello-world2/sample.scala[0m
2024.09.17 12:02:42 INFO  skipping build import with status 'Installed'[0m
2024.09.17 12:02:42 INFO  Disconnecting from Bloop session...[0m
2024.09.17 12:02:42 INFO  Shut down connection with build server.[0m
2024.09.17 12:02:42 INFO  Shut down connection with build server.[0m
2024.09.17 12:02:42 INFO  Attempting to connect to the build server...[0m
2024.09.17 12:02:42 INFO  no build target found for /home/werunow/scala_project/hello-world2/sample.scala. Using presentation compiler with project's scala-library version: 2.13.12[0m
2024.09.17 12:02:42 INFO  tracing is disabled for protocol BSP, to enable tracing of incoming and outgoing JSON messages create an empty file at /home/werunow/scala_project/hello-world2/.metals/bsp.trace.json or /home/werunow/.cache/metals/bsp.trace.json[0m
Sep 17, 2024 12:02:42 PM scala.meta.internal.pc.CompilerAccess handleError
SEVERE: A severe compiler error occurred, full details of the error can be found in the error report /home/werunow/scala_project/hello-world2/.metals/.reports/metals-full/2024-09-17/r_compiler-error_12-02-42-887.md
2024.09.17 12:02:42 INFO  Attempting to connect to the build server...[0m
2024.09.17 12:02:42 INFO  tracing is disabled for protocol BSP, to enable tracing of incoming and outgoing JSON messages create an empty file at /home/werunow/scala_project/hello-world2/project/.metals/bsp.trace.json or /home/werunow/.cache/metals/bsp.trace.json[0m
2024.09.17 12:02:42 INFO  time: Connected to build server in 0.14s[0m
2024.09.17 12:02:42 INFO  Connected to Build server: Bloop v1.6.0[0m
2024.09.17 12:02:42 INFO  running doctor check[0m
2024.09.17 12:02:42 INFO  java targets: hello-world2, hello-world2-build, hello-world2-test[0m
2024.09.17 12:02:44 INFO  no build target found for /home/werunow/scala_project/hello-world2/sample.scala. Using presentation compiler with project's scala-library version: 2.13.12[0m
2024.09.17 12:02:45 INFO  time: indexed workspace in 2.13s[0m
2024.09.17 12:02:45 WARN  no build target for: /home/werunow/scala_project/hello-world2/sample.scala[0m
2024.09.17 12:02:45 INFO  no build target found for /home/werunow/scala_project/hello-world2/sample.scala. Using presentation compiler with project's scala-library version: 2.13.12[0m
2024.09.17 12:02:44 INFO  no build target found for /home/werunow/scala_project/hello-world2/sample.scala. Using presentation compiler with project's scala-library version: 2.13.12[0m
2024.09.17 12:02:48 INFO  no build target found for /home/werunow/scala_project/hello-world2/sample.scala. Using presentation compiler with project's scala-library version: 2.13.12[0m
2024.09.17 12:02:51 INFO  no build target found for /home/werunow/scala_project/hello-world2/sample.scala. Using presentation compiler with project's scala-library version: 2.13.12[0m
2024.09.17 12:02:53 INFO  no build target found for /home/werunow/scala_project/hello-world2/sample.scala. Using presentation compiler with project's scala-library version: 2.13.12[0m
Sep 17, 2024 12:02:53 PM org.eclipse.lsp4j.jsonrpc.RemoteEndpoint handleCancellation
WARNING: Unmatched cancel notification for request id 119
2024.09.17 12:03:00 INFO  no build target found for /home/werunow/scala_project/hello-world2/sample.scala. Using presentation compiler with project's scala-library version: 2.13.12[0m
Sep 17, 2024 12:03:00 PM scala.meta.internal.pc.CompilerAccess handleError
SEVERE: A severe compiler error occurred, full details of the error can be found in the error report /home/werunow/scala_project/hello-world2/.metals/.reports/metals-full/2024-09-17/r_compiler-error_12-03-00-374.md
2024.09.17 12:03:05 INFO  compiling hello-world2 (1 scala source)[0m
2024.09.17 12:03:05 INFO  no build target found for /home/werunow/scala_project/hello-world2/sample.scala. Using presentation compiler with project's scala-library version: 2.13.12[0m
2024.09.17 12:03:05 INFO  time: compiled hello-world2 in 0.58s[0m
2024.09.17 12:03:07 INFO  compiling hello-world2 (1 scala source)[0m
2024.09.17 12:03:07 INFO  time: compiled hello-world2 in 92ms[0m
2024.09.17 12:03:19 WARN  Invalid text document uri received from build server: file:///home/werunow/scala_project/hello-world2/src/main/scala/sample.scala[0m
2024.09.17 12:03:55 INFO  Disconnecting from Bloop session...[0m
2024.09.17 12:03:55 INFO  Shut down connection with build server.[0m
2024.09.17 12:03:55 INFO  Shut down connection with build server.[0m
2024.09.17 12:03:55 INFO  Attempting to connect to the build server...[0m
2024.09.17 12:03:57 INFO  tracing is disabled for protocol BSP, to enable tracing of incoming and outgoing JSON messages create an empty file at /home/werunow/scala_project/hello-world2/.metals/bsp.trace.json or /home/werunow/.cache/metals/bsp.trace.json[0m
2024.09.17 12:03:57 INFO  Attempting to connect to the build server...[0m
2024.09.17 12:03:57 INFO  tracing is disabled for protocol BSP, to enable tracing of incoming and outgoing JSON messages create an empty file at /home/werunow/scala_project/hello-world2/project/.metals/bsp.trace.json or /home/werunow/.cache/metals/bsp.trace.json[0m
2024.09.17 12:03:58 INFO  time: Connected to build server in 3.06s[0m
2024.09.17 12:03:58 INFO  Connected to Build server: Bloop v1.6.0[0m
2024.09.17 12:03:58 INFO  time: Imported build in 0.17s[0m
2024.09.17 12:03:57 INFO  running doctor check[0m
2024.09.17 12:03:57 INFO  java targets: hello-world2, hello-world2-build, hello-world2-test[0m
2024.09.17 12:04:00 INFO  time: indexed workspace in 1.62s[0m
2024.09.17 12:04:00 INFO  compiling hello-world2 (1 scala source)[0m
2024.09.17 12:04:04 INFO  time: compiled hello-world2 in 3.29s[0m
2024.09.17 12:06:06 INFO  compiling hello-world2 (1 scala source)[0m
2024.09.17 12:06:06 INFO  time: compiled hello-world2 in 0.63s[0m
Sep 17, 2024 12:06:24 PM org.eclipse.lsp4j.jsonrpc.RemoteEndpoint handleCancellation
WARNING: Unmatched cancel notification for request id 295
2024.09.17 12:06:26 INFO  compiling hello-world2 (1 scala source)[0m
2024.09.17 12:06:26 INFO  time: compiled hello-world2 in 0.16s[0m
2024.09.17 12:08:19 WARN  Invalid text document uri received from build server: file:///home/werunow/scala_project/hello-world2/src/main/scala/sample.scala[0m
Sep 17, 2024 12:08:22 PM org.eclipse.lsp4j.jsonrpc.RemoteEndpoint handleCancellation
WARNING: Unmatched cancel notification for request id 353
2024.09.17 12:08:35 INFO  compiling hello-world2 (1 scala source)[0m
2024.09.17 12:08:35 INFO  time: compiled hello-world2 in 0.11s[0m
Sep 17, 2024 12:10:33 PM org.eclipse.lsp4j.jsonrpc.RemoteEndpoint handleCancellation
WARNING: Unmatched cancel notification for request id 616
Sep 17, 2024 12:10:33 PM org.eclipse.lsp4j.jsonrpc.RemoteEndpoint handleCancellation
WARNING: Unmatched cancel notification for request id 617
Sep 17, 2024 12:10:33 PM org.eclipse.lsp4j.jsonrpc.RemoteEndpoint handleCancellation
WARNING: Unmatched cancel notification for request id 618
Sep 17, 2024 12:10:33 PM org.eclipse.lsp4j.jsonrpc.RemoteEndpoint handleCancellation
WARNING: Unmatched cancel notification for request id 620
Sep 17, 2024 12:10:34 PM org.eclipse.lsp4j.jsonrpc.RemoteEndpoint handleCancellation
WARNING: Unmatched cancel notification for request id 626
Sep 17, 2024 12:10:34 PM org.eclipse.lsp4j.jsonrpc.RemoteEndpoint handleCancellation
WARNING: Unmatched cancel notification for request id 627
2024.09.17 12:11:06 INFO  compiling hello-world2 (1 scala source)[0m
2024.09.17 12:11:07 INFO  time: compiled hello-world2 in 1.21s[0m
2024.09.17 12:12:42 INFO  compiling hello-world2 (1 scala source)[0m
2024.09.17 12:12:42 INFO  time: compiled hello-world2 in 0.47s[0m
2024.09.17 12:12:56 INFO  compiling hello-world2 (1 scala source)[0m
2024.09.17 12:12:56 INFO  time: compiled hello-world2 in 79ms[0m
2024.09.17 12:14:56 INFO  file:///home/werunow/scala_project/hello-world2/src/main/scala/test.scala:1:7: stale bloop error: expected start of definition
@main def main():Unit=println("fsdf")
      ^[0m
2024.09.17 12:14:56 INFO  file:///home/werunow/scala_project/hello-world2/src/main/scala/test.scala:1:7: stale bloop error: expected start of definition
@main def main():Unit=println("fsdf")
      ^[0m
Sep 17, 2024 12:15:43 PM org.eclipse.lsp4j.jsonrpc.RemoteEndpoint handleCancellation
WARNING: Unmatched cancel notification for request id 818
Sep 17, 2024 12:15:48 PM scala.meta.internal.pc.CompilerAccess handleError
SEVERE: A severe compiler error occurred, full details of the error can be found in the error report /home/werunow/scala_project/hello-world2/.metals/.reports/metals-full/2024-09-17/r_compiler-error_(hello-world2-build)_12-15-48-876.md
Sep 17, 2024 12:15:51 PM org.eclipse.lsp4j.jsonrpc.RemoteEndpoint handleCancellation
WARNING: Unmatched cancel notification for request id 847
2024.09.17 12:16:07 INFO  running '/home/werunow/.cache/coursier/arc/https/github.com/adoptium/temurin17-binaries/releases/download/jdk-17%252B35/OpenJDK17-jdk_x64_linux_hotspot_17_35.tar.gz/jdk-17+35/bin/java -Djline.terminal=jline.UnsupportedTerminal -Dsbt.log.noformat=true -Dfile.encoding=UTF-8 -jar /tmp/metals11789236050520491695/sbt-launch.jar -Dbloop.export-jar-classifiers=sources bloopInstall'[0m
2024.09.17 12:16:09 INFO  [info] welcome to sbt 1.10.2 (Eclipse Adoptium Java 17)[0m
2024.09.17 12:16:10 INFO  [info] loading settings for project hello-world2-build-build from metals.sbt ...[0m
2024.09.17 12:16:12 INFO  [info] loading project definition from /home/werunow/scala_project/hello-world2/project/project[0m
2024.09.17 12:16:13 INFO  [info] loading settings for project hello-world2-build from metals.sbt ...[0m
2024.09.17 12:16:13 INFO  [info] loading project definition from /home/werunow/scala_project/hello-world2/project[0m
2024.09.17 12:16:16 INFO  [success] Generated .bloop/hello-world2-build.json[0m
2024.09.17 12:16:16 INFO  [success] Total time: 3 s, completed Sep 17, 2024, 12:16:16 PM[0m
2024.09.17 12:16:18 INFO  [info] loading settings for project hello-world2 from build.sbt ...[0m
2024.09.17 12:16:18 INFO  [info] set current project to hello-world (in build file:/home/werunow/scala_project/hello-world2/)[0m
2024.09.17 12:16:50 INFO  Disconnecting from Bloop session...[0m
2024.09.17 12:16:50 INFO  Shut down connection with build server.[0m
2024.09.17 12:16:50 INFO  Shut down connection with build server.[0m
2024.09.17 12:16:50 INFO  Attempting to connect to the build server...[0m
2024.09.17 12:16:53 INFO  tracing is disabled for protocol BSP, to enable tracing of incoming and outgoing JSON messages create an empty file at /home/werunow/scala_project/hello-world2/.metals/bsp.trace.json or /home/werunow/.cache/metals/bsp.trace.json[0m
2024.09.17 12:16:53 INFO  Attempting to connect to the build server...[0m
2024.09.17 12:16:53 INFO  tracing is disabled for protocol BSP, to enable tracing of incoming and outgoing JSON messages create an empty file at /home/werunow/scala_project/hello-world2/project/.metals/bsp.trace.json or /home/werunow/.cache/metals/bsp.trace.json[0m
2024.09.17 12:16:53 INFO  time: Connected to build server in 3.19s[0m
2024.09.17 12:16:53 INFO  Connected to Build server: Bloop v1.6.0[0m
2024.09.17 12:16:53 INFO  time: Imported build in 0.16s[0m
2024.09.17 12:16:53 INFO  running doctor check[0m
2024.09.17 12:16:53 INFO  java targets: hello-world2, hello-world2-build, hello-world2-test[0m
2024.09.17 12:16:55 INFO  time: indexed workspace in 1.98s[0m
2024.09.17 12:17:09 INFO  [success] Generated .bloop/hello-world2.json[0m
2024.09.17 12:17:09 INFO  [success] Generated .bloop/hello-world2-test.json[0m
2024.09.17 12:17:09 INFO  [success] Total time: 50 s, completed Sep 17, 2024, 12:17:09 PM[0m
2024.09.17 12:17:09 INFO  time: ran 'sbt bloopInstall' in 1m2s[0m
2024.09.17 12:17:09 INFO  Disconnecting from Bloop session...[0m
2024.09.17 12:17:09 INFO  Shut down connection with build server.[0m
2024.09.17 12:17:09 INFO  Shut down connection with build server.[0m
2024.09.17 12:17:09 INFO  Attempting to connect to the build server...[0m
2024.09.17 12:17:09 INFO  tracing is disabled for protocol BSP, to enable tracing of incoming and outgoing JSON messages create an empty file at /home/werunow/scala_project/hello-world2/.metals/bsp.trace.json or /home/werunow/.cache/metals/bsp.trace.json[0m
2024.09.17 12:17:09 INFO  Attempting to connect to the build server...[0m
2024.09.17 12:17:09 INFO  tracing is disabled for protocol BSP, to enable tracing of incoming and outgoing JSON messages create an empty file at /home/werunow/scala_project/hello-world2/project/.metals/bsp.trace.json or /home/werunow/.cache/metals/bsp.trace.json[0m
2024.09.17 12:17:09 INFO  time: Connected to build server in 0.13s[0m
2024.09.17 12:17:09 INFO  Connected to Build server: Bloop v1.6.0[0m
2024.09.17 12:17:09 INFO  running doctor check[0m
2024.09.17 12:17:09 INFO  java targets: hello-world2, hello-world2-build, hello-world2-test[0m
2024.09.17 12:17:27 INFO  time: indexed workspace in 17s[0m
2024.09.17 12:17:27 INFO  compiling hello-world2 (1 scala source)[0m
2024.09.17 12:17:35 INFO  time: compiled hello-world2 in 7.74s[0m
2024.09.17 12:17:35 INFO  skipping build import with status 'Installed'[0m
2024.09.17 12:17:35 INFO  Disconnecting from Bloop session...[0m
2024.09.17 12:17:35 INFO  Shut down connection with build server.[0m
2024.09.17 12:17:35 INFO  Shut down connection with build server.[0m
2024.09.17 12:17:35 INFO  Attempting to connect to the build server...[0m
2024.09.17 12:17:35 INFO  tracing is disabled for protocol BSP, to enable tracing of incoming and outgoing JSON messages create an empty file at /home/werunow/scala_project/hello-world2/.metals/bsp.trace.json or /home/werunow/.cache/metals/bsp.trace.json[0m
2024.09.17 12:17:35 INFO  Attempting to connect to the build server...[0m
2024.09.17 12:17:35 INFO  tracing is disabled for protocol BSP, to enable tracing of incoming and outgoing JSON messages create an empty file at /home/werunow/scala_project/hello-world2/project/.metals/bsp.trace.json or /home/werunow/.cache/metals/bsp.trace.json[0m
2024.09.17 12:17:35 INFO  time: Connected to build server in 0.11s[0m
2024.09.17 12:17:35 INFO  Connected to Build server: Bloop v1.6.0[0m
2024.09.17 12:17:35 INFO  running doctor check[0m
2024.09.17 12:17:35 INFO  java targets: hello-world2, hello-world2-build, hello-world2-test[0m
2024.09.17 12:17:37 INFO  time: indexed workspace in 1.83s[0m
2024.09.17 12:17:55 WARN  Could not find semantic tokens for: file:///home/werunow/scala_project/hello-world2/src/main/scala/sample.scala[0m
2024.09.17 12:17:59 INFO  compiling hello-world2 (1 scala source)[0m
2024.09.17 12:17:59 INFO  time: compiled hello-world2 in 0.5s[0m
2024.09.17 12:19:07 WARN  Could not find semantic tokens for: file:///home/werunow/scala_project/hello-world2/src/main/scala/sample.scala[0m
Sep 17, 2024 12:19:07 PM org.eclipse.lsp4j.jsonrpc.RemoteEndpoint handleCancellation
WARNING: Unmatched cancel notification for request id 1047
2024.09.17 12:19:33 INFO  compiling hello-world2 (1 scala source)[0m
2024.09.17 12:19:34 INFO  time: compiled hello-world2 in 1.03s[0m
2024.09.17 12:48:43 INFO  compiling hello-world2 (1 scala source)[0m
2024.09.17 12:48:43 INFO  time: compiled hello-world2 in 0.68s[0m
2024.09.17 12:51:37 INFO  compiling hello-world2 (1 scala source)[0m
2024.09.17 12:51:37 INFO  time: compiled hello-world2 in 0.83s[0m
Sep 17, 2024 12:52:02 PM org.eclipse.lsp4j.jsonrpc.RemoteEndpoint handleCancellation
WARNING: Unmatched cancel notification for request id 1375
2024.09.17 12:52:04 INFO  compiling hello-world2 (1 scala source)[0m
2024.09.17 12:52:04 INFO  time: compiled hello-world2 in 0.4s[0m
2024.09.17 13:22:44 INFO  compiling hello-world2 (1 scala source)[0m
2024.09.17 13:22:44 INFO  time: compiled hello-world2 in 0.17s[0m
Sep 17, 2024 1:23:18 PM org.eclipse.lsp4j.jsonrpc.RemoteEndpoint handleCancellation
WARNING: Unmatched cancel notification for request id 1828
Sep 17, 2024 1:23:31 PM org.eclipse.lsp4j.jsonrpc.RemoteEndpoint handleCancellation
WARNING: Unmatched cancel notification for request id 1888
Sep 17, 2024 1:23:43 PM org.eclipse.lsp4j.jsonrpc.RemoteEndpoint handleCancellation
WARNING: Unmatched cancel notification for request id 1914
Sep 17, 2024 1:24:08 PM org.eclipse.lsp4j.jsonrpc.RemoteEndpoint handleCancellation
WARNING: Unmatched cancel notification for request id 1968
Sep 17, 2024 1:24:08 PM org.eclipse.lsp4j.jsonrpc.RemoteEndpoint handleCancellation
WARNING: Unmatched cancel notification for request id 1970
Sep 17, 2024 1:24:08 PM org.eclipse.lsp4j.jsonrpc.RemoteEndpoint handleCancellation
WARNING: Unmatched cancel notification for request id 1971
Sep 17, 2024 1:26:39 PM org.eclipse.lsp4j.jsonrpc.RemoteEndpoint handleCancellation
WARNING: Unmatched cancel notification for request id 2199
Sep 17, 2024 1:26:58 PM scala.meta.internal.pc.CompilerAccess handleError
SEVERE: A severe compiler error occurred, full details of the error can be found in the error report /home/werunow/scala_project/hello-world2/.metals/.reports/metals-full/2024-09-17/r_compiler-error_(hello-world2)_13-26-58-368.md
Sep 17, 2024 1:27:29 PM org.eclipse.lsp4j.jsonrpc.RemoteEndpoint handleCancellation
WARNING: Unmatched cancel notification for request id 2357
2024.09.17 13:27:32 INFO  compiling hello-world2 (1 scala source)[0m
2024.09.17 13:27:32 INFO  time: compiled hello-world2 in 0.83s[0m
2024.09.17 13:27:47 INFO  compiling hello-world2 (2 scala sources)[0m
2024.09.17 13:27:47 INFO  time: compiled hello-world2 in 0.21s[0m
2024.09.17 13:28:00 INFO  compiling hello-world2 (2 scala sources)[0m
2024.09.17 13:28:00 INFO  time: compiled hello-world2 in 0.61s[0m
2024.09.17 13:28:13 INFO  compiling hello-world2 (1 scala source)[0m
2024.09.17 13:28:13 INFO  time: compiled hello-world2 in 0.4s[0m
2024.09.17 13:29:36 INFO  compiling hello-world2 (1 scala source)[0m
2024.09.17 13:29:36 INFO  time: compiled hello-world2 in 0.32s[0m
2024.09.17 13:30:32 INFO  compiling hello-world2 (1 scala source)[0m
2024.09.17 13:30:32 INFO  time: compiled hello-world2 in 0.42s[0m
2024.09.17 13:31:21 INFO  compiling hello-world2 (1 scala source)[0m
2024.09.17 13:31:21 INFO  time: compiled hello-world2 in 0.53s[0m
2024.09.17 13:34:26 INFO  compiling hello-world2 (1 scala source)[0m
2024.09.17 13:34:26 INFO  time: compiled hello-world2 in 0.32s[0m
2024.09.17 13:34:35 INFO  compiling hello-world2 (1 scala source)[0m
2024.09.17 13:34:35 INFO  time: compiled hello-world2 in 0.32s[0m
Sep 17, 2024 1:35:15 PM org.eclipse.lsp4j.jsonrpc.RemoteEndpoint handleCancellation
WARNING: Unmatched cancel notification for request id 2603
Sep 17, 2024 1:35:25 PM org.eclipse.lsp4j.jsonrpc.RemoteEndpoint handleCancellation
WARNING: Unmatched cancel notification for request id 2683
Sep 17, 2024 1:35:25 PM org.eclipse.lsp4j.jsonrpc.RemoteEndpoint handleCancellation
WARNING: Unmatched cancel notification for request id 2684
Sep 17, 2024 1:35:25 PM org.eclipse.lsp4j.jsonrpc.RemoteEndpoint handleCancellation
WARNING: Unmatched cancel notification for request id 2685
Sep 17, 2024 1:35:25 PM org.eclipse.lsp4j.jsonrpc.RemoteEndpoint handleCancellation
WARNING: Unmatched cancel notification for request id 2687
2024.09.17 13:36:06 INFO  compiling hello-world2 (1 scala source)[0m
2024.09.17 13:36:06 INFO  time: compiled hello-world2 in 0.32s[0m
2024.09.17 13:36:10 INFO  compiling hello-world2 (1 scala source)[0m
2024.09.17 13:36:10 INFO  time: compiled hello-world2 in 0.33s[0m
2024.09.17 13:38:13 INFO  compiling hello-world2 (1 scala source)[0m
2024.09.17 13:38:13 INFO  time: compiled hello-world2 in 0.13s[0m
2024.09.17 13:40:43 INFO  compiling hello-world2 (1 scala source)[0m
2024.09.17 13:40:43 INFO  time: compiled hello-world2 in 0.14s[0m
Sep 17, 2024 1:41:01 PM org.eclipse.lsp4j.jsonrpc.RemoteEndpoint handleCancellation
WARNING: Unmatched cancel notification for request id 3287
Sep 17, 2024 1:41:14 PM org.eclipse.lsp4j.jsonrpc.RemoteEndpoint handleCancellation
WARNING: Unmatched cancel notification for request id 3346
Sep 17, 2024 1:41:14 PM org.eclipse.lsp4j.jsonrpc.RemoteEndpoint handleCancellation
WARNING: Unmatched cancel notification for request id 3347
2024.09.17 13:41:32 INFO  compiling hello-world2 (1 scala source)[0m
2024.09.17 13:41:32 INFO  time: compiled hello-world2 in 0.34s[0m
Sep 17, 2024 1:41:38 PM org.eclipse.lsp4j.jsonrpc.RemoteEndpoint handleCancellation
WARNING: Unmatched cancel notification for request id 3410
2024.09.17 13:42:06 INFO  compiling hello-world2 (1 scala source)[0m
2024.09.17 13:42:06 INFO  time: compiled hello-world2 in 0.23s[0m
2024.09.17 13:42:25 INFO  compiling hello-world2 (1 scala source)[0m
2024.09.17 13:42:25 INFO  time: compiled hello-world2 in 0.19s[0m
Sep 17, 2024 1:42:28 PM org.eclipse.lsp4j.jsonrpc.RemoteEndpoint handleCancellation
WARNING: Unmatched cancel notification for request id 3581
2024.09.17 13:42:32 INFO  compiling hello-world2 (1 scala source)[0m
2024.09.17 13:42:32 INFO  time: compiled hello-world2 in 0.15s[0m
2024.09.17 13:42:45 INFO  compiling hello-world2 (1 scala source)[0m
2024.09.17 13:42:45 INFO  time: compiled hello-world2 in 0.5s[0m
2024.09.17 13:43:59 INFO  compiling hello-world2 (1 scala source)[0m
2024.09.17 13:43:59 INFO  time: compiled hello-world2 in 0.47s[0m
2024.09.17 13:44:17 INFO  compiling hello-world2 (1 scala source)[0m
2024.09.17 13:44:17 INFO  time: compiled hello-world2 in 0.36s[0m
Sep 17, 2024 1:46:13 PM org.eclipse.lsp4j.jsonrpc.RemoteEndpoint handleCancellation
WARNING: Unmatched cancel notification for request id 3851
Sep 17, 2024 1:46:13 PM org.eclipse.lsp4j.jsonrpc.RemoteEndpoint handleCancellation
WARNING: Unmatched cancel notification for request id 3853
2024.09.17 13:46:14 INFO  compiling hello-world2 (1 scala source)[0m
2024.09.17 13:46:14 INFO  time: compiled hello-world2 in 0.15s[0m
2024.09.17 13:46:18 INFO  compiling hello-world2 (1 scala source)[0m
2024.09.17 13:46:18 INFO  time: compiled hello-world2 in 0.23s[0m
Sep 17, 2024 1:47:01 PM org.eclipse.lsp4j.jsonrpc.RemoteEndpoint handleCancellation
WARNING: Unmatched cancel notification for request id 3889
2024.09.17 13:47:12 INFO  compiling hello-world2 (1 scala source)[0m
2024.09.17 13:47:12 INFO  time: compiled hello-world2 in 0.18s[0m
2024.09.17 13:48:51 INFO  compiling hello-world2 (1 scala source)[0m
2024.09.17 13:48:51 INFO  time: compiled hello-world2 in 0.53s[0m
2024.09.17 13:49:22 INFO  compiling hello-world2 (1 scala source)[0m
2024.09.17 13:49:22 INFO  time: compiled hello-world2 in 0.32s[0m
Sep 17, 2024 1:49:33 PM org.eclipse.lsp4j.jsonrpc.RemoteEndpoint handleCancellation
WARNING: Unmatched cancel notification for request id 4145
Sep 17, 2024 1:49:33 PM org.eclipse.lsp4j.jsonrpc.RemoteEndpoint handleCancellation
WARNING: Unmatched cancel notification for request id 4146
2024.09.17 13:49:36 INFO  compiling hello-world2 (1 scala source)[0m
2024.09.17 13:49:36 INFO  time: compiled hello-world2 in 0.37s[0m
2024.09.17 13:49:45 INFO  compiling hello-world2 (1 scala source)[0m
2024.09.17 13:49:45 INFO  time: compiled hello-world2 in 0.27s[0m
Sep 17, 2024 1:49:58 PM org.eclipse.lsp4j.jsonrpc.RemoteEndpoint handleCancellation
WARNING: Unmatched cancel notification for request id 4233
Sep 17, 2024 1:49:58 PM org.eclipse.lsp4j.jsonrpc.RemoteEndpoint handleCancellation
WARNING: Unmatched cancel notification for request id 4239
Sep 17, 2024 1:49:58 PM org.eclipse.lsp4j.jsonrpc.RemoteEndpoint handleCancellation
WARNING: Unmatched cancel notification for request id 4240
2024.09.17 13:50:00 INFO  compiling hello-world2 (1 scala source)[0m
2024.09.17 13:50:00 INFO  time: compiled hello-world2 in 0.34s[0m
2024.09.17 13:50:52 INFO  compiling hello-world2 (1 scala source)[0m
2024.09.17 13:50:52 INFO  time: compiled hello-world2 in 0.36s[0m
2024.09.17 13:51:11 INFO  compiling hello-world2 (1 scala source)[0m
2024.09.17 13:51:11 INFO  time: compiled hello-world2 in 0.31s[0m
2024.09.17 13:51:18 INFO  compiling hello-world2 (1 scala source)[0m
2024.09.17 13:51:18 INFO  time: compiled hello-world2 in 0.39s[0m
2024.09.17 13:51:26 INFO  compiling hello-world2 (1 scala source)[0m
2024.09.17 13:51:26 INFO  time: compiled hello-world2 in 0.27s[0m
2024.09.17 13:51:32 INFO  compiling hello-world2 (1 scala source)[0m
2024.09.17 13:51:32 INFO  time: compiled hello-world2 in 0.82s[0m
2024.09.17 13:51:43 INFO  compiling hello-world2 (1 scala source)[0m
2024.09.17 13:51:43 INFO  time: compiled hello-world2 in 0.3s[0m
2024.09.17 13:51:49 INFO  compiling hello-world2 (1 scala source)[0m
2024.09.17 13:51:49 INFO  time: compiled hello-world2 in 0.36s[0m
2024.09.17 13:52:44 INFO  compiling hello-world2 (1 scala source)[0m
2024.09.17 13:52:44 INFO  time: compiled hello-world2 in 0.32s[0m
Sep 17, 2024 1:53:05 PM org.eclipse.lsp4j.jsonrpc.RemoteEndpoint handleCancellation
WARNING: Unmatched cancel notification for request id 4580
2024.09.17 13:53:16 INFO  compiling hello-world2 (1 scala source)[0m
2024.09.17 13:53:16 INFO  time: compiled hello-world2 in 0.41s[0m
2024.09.17 13:53:24 INFO  compiling hello-world2 (1 scala source)[0m
2024.09.17 13:53:24 INFO  time: compiled hello-world2 in 0.26s[0m
Sep 17, 2024 1:53:55 PM org.eclipse.lsp4j.jsonrpc.RemoteEndpoint handleCancellation
WARNING: Unmatched cancel notification for request id 4741
Sep 17, 2024 1:54:33 PM org.eclipse.lsp4j.jsonrpc.RemoteEndpoint handleCancellation
WARNING: Unmatched cancel notification for request id 4827
Sep 17, 2024 1:54:33 PM org.eclipse.lsp4j.jsonrpc.RemoteEndpoint handleCancellation
WARNING: Unmatched cancel notification for request id 4830
Sep 17, 2024 1:54:33 PM org.eclipse.lsp4j.jsonrpc.RemoteEndpoint handleCancellation
WARNING: Unmatched cancel notification for request id 4832
2024.09.17 13:54:35 INFO  compiling hello-world2 (1 scala source)[0m
2024.09.17 13:54:35 INFO  time: compiled hello-world2 in 0.22s[0m
Sep 17, 2024 1:54:49 PM org.eclipse.lsp4j.jsonrpc.RemoteEndpoint handleCancellation
WARNING: Unmatched cancel notification for request id 4907
2024.09.17 13:54:51 INFO  compiling hello-world2 (1 scala source)[0m
2024.09.17 13:54:51 INFO  time: compiled hello-world2 in 0.23s[0m
2024.09.17 13:55:08 INFO  compiling hello-world2 (1 scala source)[0m
2024.09.17 13:55:08 INFO  time: compiled hello-world2 in 90ms[0m
2024.09.17 13:55:13 INFO  compiling hello-world2 (1 scala source)[0m
2024.09.17 13:55:13 INFO  time: compiled hello-world2 in 0.24s[0m
2024.09.17 13:56:05 INFO  compiling hello-world2 (1 scala source)[0m
2024.09.17 13:56:05 INFO  time: compiled hello-world2 in 0.33s[0m
2024.09.17 13:56:30 INFO  compiling hello-world2 (1 scala source)[0m
2024.09.17 13:56:30 INFO  time: compiled hello-world2 in 0.23s[0m
2024.09.17 13:56:45 INFO  compiling hello-world2 (1 scala source)[0m
2024.09.17 13:56:45 INFO  time: compiled hello-world2 in 0.25s[0m
2024.09.17 13:56:54 INFO  compiling hello-world2 (1 scala source)[0m
2024.09.17 13:56:54 INFO  time: compiled hello-world2 in 0.21s[0m
Sep 17, 2024 1:57:52 PM org.eclipse.lsp4j.jsonrpc.RemoteEndpoint handleCancellation
WARNING: Unmatched cancel notification for request id 5328
Sep 17, 2024 1:57:52 PM org.eclipse.lsp4j.jsonrpc.RemoteEndpoint handleCancellation
WARNING: Unmatched cancel notification for request id 5335
Sep 17, 2024 1:57:53 PM org.eclipse.lsp4j.jsonrpc.RemoteEndpoint handleCancellation
WARNING: Unmatched cancel notification for request id 5362
2024.09.17 13:58:11 INFO  compiling hello-world2 (1 scala source)[0m
2024.09.17 13:58:11 INFO  time: compiled hello-world2 in 0.28s[0m
2024.09.17 13:58:27 INFO  compiling hello-world2 (1 scala source)[0m
2024.09.17 13:58:27 INFO  time: compiled hello-world2 in 0.43s[0m
2024.09.17 13:58:54 INFO  compiling hello-world2 (1 scala source)[0m
2024.09.17 13:58:54 INFO  time: compiled hello-world2 in 0.27s[0m
2024.09.17 13:59:05 INFO  compiling hello-world2 (1 scala source)[0m
2024.09.17 13:59:05 INFO  time: compiled hello-world2 in 0.25s[0m
2024.09.17 13:59:18 INFO  compiling hello-world2 (1 scala source)[0m
2024.09.17 13:59:18 INFO  time: compiled hello-world2 in 72ms[0m
2024.09.17 13:59:23 INFO  compiling hello-world2 (1 scala source)[0m
2024.09.17 13:59:23 INFO  time: compiled hello-world2 in 0.23s[0m
Sep 17, 2024 2:00:21 PM org.eclipse.lsp4j.jsonrpc.RemoteEndpoint handleCancellation
WARNING: Unmatched cancel notification for request id 5634
Sep 17, 2024 2:00:21 PM org.eclipse.lsp4j.jsonrpc.RemoteEndpoint handleCancellation
WARNING: Unmatched cancel notification for request id 5635
Sep 17, 2024 2:00:21 PM org.eclipse.lsp4j.jsonrpc.RemoteEndpoint handleCancellation
WARNING: Unmatched cancel notification for request id 5637
Sep 17, 2024 2:01:19 PM org.eclipse.lsp4j.jsonrpc.RemoteEndpoint handleCancellation
WARNING: Unmatched cancel notification for request id 5864
Sep 17, 2024 2:01:36 PM org.eclipse.lsp4j.jsonrpc.RemoteEndpoint handleCancellation
WARNING: Unmatched cancel notification for request id 5925
Sep 17, 2024 2:01:36 PM org.eclipse.lsp4j.jsonrpc.RemoteEndpoint handleCancellation
WARNING: Unmatched cancel notification for request id 5931
Sep 17, 2024 2:01:36 PM org.eclipse.lsp4j.jsonrpc.RemoteEndpoint handleCancellation
WARNING: Unmatched cancel notification for request id 5934
2024.09.17 14:01:59 INFO  compiling hello-world2 (1 scala source)[0m
2024.09.17 14:01:59 INFO  time: compiled hello-world2 in 0.29s[0m
Sep 17, 2024 2:02:46 PM org.eclipse.lsp4j.jsonrpc.RemoteEndpoint handleCancellation
WARNING: Unmatched cancel notification for request id 6102
2024.09.17 14:02:48 INFO  compiling hello-world2 (1 scala source)[0m
2024.09.17 14:02:48 INFO  time: compiled hello-world2 in 0.26s[0m
2024.09.17 14:04:04 INFO  compiling hello-world2 (1 scala source)[0m
2024.09.17 14:04:04 INFO  time: compiled hello-world2 in 0.27s[0m
2024.09.17 14:04:08 INFO  compiling hello-world2 (1 scala source)[0m
2024.09.17 14:04:08 INFO  time: compiled hello-world2 in 0.36s[0m
Sep 17, 2024 2:06:35 PM org.eclipse.lsp4j.jsonrpc.RemoteEndpoint handleCancellation
WARNING: Unmatched cancel notification for request id 6234
Sep 17, 2024 2:07:00 PM org.eclipse.lsp4j.jsonrpc.RemoteEndpoint handleCancellation
WARNING: Unmatched cancel notification for request id 6380
Sep 17, 2024 2:07:00 PM org.eclipse.lsp4j.jsonrpc.RemoteEndpoint handleCancellation
WARNING: Unmatched cancel notification for request id 6382
Sep 17, 2024 2:07:00 PM org.eclipse.lsp4j.jsonrpc.RemoteEndpoint handleCancellation
WARNING: Unmatched cancel notification for request id 6383
Sep 17, 2024 2:07:00 PM org.eclipse.lsp4j.jsonrpc.RemoteEndpoint handleCancellation
WARNING: Unmatched cancel notification for request id 6390
Sep 17, 2024 2:07:00 PM org.eclipse.lsp4j.jsonrpc.RemoteEndpoint handleCancellation
WARNING: Unmatched cancel notification for request id 6391
2024.09.17 14:07:05 INFO  compiling hello-world2 (1 scala source)[0m
2024.09.17 14:07:05 INFO  time: compiled hello-world2 in 0.25s[0m
2024.09.17 14:10:43 INFO  compiling hello-world2 (1 scala source)[0m
2024.09.17 14:10:43 INFO  time: compiled hello-world2 in 0.5s[0m
Sep 17, 2024 2:10:50 PM org.eclipse.lsp4j.jsonrpc.RemoteEndpoint handleCancellation
WARNING: Unmatched cancel notification for request id 6790
Sep 17, 2024 2:10:50 PM org.eclipse.lsp4j.jsonrpc.RemoteEndpoint handleCancellation
WARNING: Unmatched cancel notification for request id 6791
Sep 17, 2024 2:10:50 PM org.eclipse.lsp4j.jsonrpc.RemoteEndpoint handleCancellation
WARNING: Unmatched cancel notification for request id 6795
Sep 17, 2024 2:10:50 PM org.eclipse.lsp4j.jsonrpc.RemoteEndpoint handleCancellation
WARNING: Unmatched cancel notification for request id 6797
Sep 17, 2024 2:10:50 PM org.eclipse.lsp4j.jsonrpc.RemoteEndpoint handleCancellation
WARNING: Unmatched cancel notification for request id 6800
Sep 17, 2024 2:10:50 PM org.eclipse.lsp4j.jsonrpc.RemoteEndpoint handleCancellation
WARNING: Unmatched cancel notification for request id 6803
Sep 17, 2024 2:10:50 PM org.eclipse.lsp4j.jsonrpc.RemoteEndpoint handleCancellation
WARNING: Unmatched cancel notification for request id 6798
Sep 17, 2024 2:10:50 PM org.eclipse.lsp4j.jsonrpc.RemoteEndpoint handleCancellation
WARNING: Unmatched cancel notification for request id 6804
2024.09.17 14:10:51 INFO  compiling hello-world2 (1 scala source)[0m
2024.09.17 14:10:51 INFO  time: compiled hello-world2 in 0.75s[0m
2024.09.17 14:15:33 INFO  compiling hello-world2 (1 scala source)[0m
2024.09.17 14:15:33 INFO  time: compiled hello-world2 in 0.42s[0m
2024.09.17 14:16:45 INFO  compiling hello-world2 (1 scala source)[0m
2024.09.17 14:16:45 INFO  time: compiled hello-world2 in 0.79s[0m
2024.09.17 14:17:24 INFO  compiling hello-world2 (1 scala source)[0m
2024.09.17 14:17:24 INFO  time: compiled hello-world2 in 0.68s[0m
2024.09.17 14:17:44 INFO  compiling hello-world2 (1 scala source)[0m
2024.09.17 14:17:44 INFO  time: compiled hello-world2 in 0.51s[0m
Sep 17, 2024 2:17:54 PM org.eclipse.lsp4j.jsonrpc.RemoteEndpoint handleCancellation
WARNING: Unmatched cancel notification for request id 7073
2024.09.17 14:17:55 INFO  compiling hello-world2 (1 scala source)[0m
2024.09.17 14:17:55 INFO  time: compiled hello-world2 in 0.51s[0m
2024.09.17 14:18:06 INFO  compiling hello-world2 (1 scala source)[0m
2024.09.17 14:18:06 INFO  time: compiled hello-world2 in 0.39s[0m
2024.09.17 14:18:15 INFO  compiling hello-world2 (1 scala source)[0m
2024.09.17 14:18:15 INFO  time: compiled hello-world2 in 0.8s[0m
2024.09.17 14:18:28 INFO  compiling hello-world2 (1 scala source)[0m
2024.09.17 14:18:28 INFO  time: compiled hello-world2 in 0.46s[0m
2024.09.17 14:19:04 INFO  compiling hello-world2 (1 scala source)[0m
2024.09.17 14:19:04 WARN  Invalid text document uri received from build server: file:///home/werunow/scala_project/hello-world2/src/main/scala/Main.scala[0m
2024.09.17 14:19:04 INFO  time: compiled hello-world2 in 0.66s[0m
Sep 17, 2024 2:24:41 PM org.eclipse.lsp4j.jsonrpc.RemoteEndpoint handleCancellation
WARNING: Unmatched cancel notification for request id 7296
Sep 17, 2024 2:24:41 PM org.eclipse.lsp4j.jsonrpc.RemoteEndpoint handleCancellation
WARNING: Unmatched cancel notification for request id 7299
Sep 17, 2024 2:24:41 PM org.eclipse.lsp4j.jsonrpc.RemoteEndpoint handleCancellation
WARNING: Unmatched cancel notification for request id 7300
Sep 17, 2024 2:24:42 PM org.eclipse.lsp4j.jsonrpc.RemoteEndpoint handleCancellation
WARNING: Unmatched cancel notification for request id 7311
Sep 17, 2024 2:24:44 PM org.eclipse.lsp4j.jsonrpc.RemoteEndpoint handleCancellation
WARNING: Unmatched cancel notification for request id 7327
2024.09.17 14:25:04 INFO  compiling hello-world2 (1 scala source)[0m
2024.09.17 14:25:04 INFO  time: compiled hello-world2 in 0.62s[0m
Sep 17, 2024 2:26:04 PM org.eclipse.lsp4j.jsonrpc.RemoteEndpoint handleCancellation
WARNING: Unmatched cancel notification for request id 7489
Sep 17, 2024 2:26:04 PM org.eclipse.lsp4j.jsonrpc.RemoteEndpoint handleCancellation
WARNING: Unmatched cancel notification for request id 7492
Sep 17, 2024 2:26:04 PM org.eclipse.lsp4j.jsonrpc.RemoteEndpoint handleCancellation
WARNING: Unmatched cancel notification for request id 7497
2024.09.17 14:27:17 INFO  compiling hello-world2 (1 scala source)[0m
2024.09.17 14:27:17 INFO  time: compiled hello-world2 in 0.58s[0m
2024.09.17 14:28:29 INFO  compiling hello-world2 (1 scala source)[0m
2024.09.17 14:28:30 INFO  time: compiled hello-world2 in 1.06s[0m
2024.09.17 14:30:18 INFO  compiling hello-world2 (1 scala source)[0m
2024.09.17 14:30:18 INFO  time: compiled hello-world2 in 0.57s[0m
Sep 17, 2024 2:30:43 PM org.eclipse.lsp4j.jsonrpc.RemoteEndpoint handleCancellation
WARNING: Unmatched cancel notification for request id 7835
Sep 17, 2024 2:32:20 PM org.eclipse.lsp4j.jsonrpc.RemoteEndpoint handleCancellation
WARNING: Unmatched cancel notification for request id 8040
Sep 17, 2024 2:35:02 PM org.eclipse.lsp4j.jsonrpc.RemoteEndpoint handleCancellation
WARNING: Unmatched cancel notification for request id 8068
Sep 17, 2024 2:35:25 PM org.eclipse.lsp4j.jsonrpc.RemoteEndpoint handleCancellation
WARNING: Unmatched cancel notification for request id 8130
Sep 17, 2024 2:35:29 PM org.eclipse.lsp4j.jsonrpc.RemoteEndpoint handleCancellation
WARNING: Unmatched cancel notification for request id 8151
Sep 17, 2024 2:35:29 PM org.eclipse.lsp4j.jsonrpc.RemoteEndpoint handleCancellation
WARNING: Unmatched cancel notification for request id 8163
Sep 17, 2024 2:36:20 PM org.eclipse.lsp4j.jsonrpc.RemoteEndpoint handleCancellation
WARNING: Unmatched cancel notification for request id 8277
Sep 17, 2024 2:36:23 PM org.eclipse.lsp4j.jsonrpc.RemoteEndpoint handleCancellation
WARNING: Unmatched cancel notification for request id 8298
Sep 17, 2024 2:36:23 PM org.eclipse.lsp4j.jsonrpc.RemoteEndpoint handleCancellation
WARNING: Unmatched cancel notification for request id 8301
Sep 17, 2024 2:36:23 PM org.eclipse.lsp4j.jsonrpc.RemoteEndpoint handleCancellation
WARNING: Unmatched cancel notification for request id 8309
Sep 17, 2024 2:41:51 PM org.eclipse.lsp4j.jsonrpc.RemoteEndpoint handleCancellation
WARNING: Unmatched cancel notification for request id 8477
Sep 17, 2024 2:42:11 PM org.eclipse.lsp4j.jsonrpc.RemoteEndpoint handleCancellation
WARNING: Unmatched cancel notification for request id 8588
Sep 17, 2024 2:42:19 PM org.eclipse.lsp4j.jsonrpc.RemoteEndpoint handleCancellation
WARNING: Unmatched cancel notification for request id 8637
Sep 17, 2024 2:42:19 PM org.eclipse.lsp4j.jsonrpc.RemoteEndpoint handleCancellation
WARNING: Unmatched cancel notification for request id 8638
Sep 17, 2024 2:42:19 PM org.eclipse.lsp4j.jsonrpc.RemoteEndpoint handleCancellation
WARNING: Unmatched cancel notification for request id 8640
Sep 17, 2024 2:42:19 PM org.eclipse.lsp4j.jsonrpc.RemoteEndpoint handleCancellation
WARNING: Unmatched cancel notification for request id 8641
Sep 17, 2024 2:42:19 PM org.eclipse.lsp4j.jsonrpc.RemoteEndpoint handleCancellation
WARNING: Unmatched cancel notification for request id 8646
Sep 17, 2024 2:43:13 PM org.eclipse.lsp4j.jsonrpc.RemoteEndpoint handleCancellation
WARNING: Unmatched cancel notification for request id 8878
Sep 17, 2024 2:43:13 PM org.eclipse.lsp4j.jsonrpc.RemoteEndpoint handleCancellation
WARNING: Unmatched cancel notification for request id 8877
Sep 17, 2024 2:43:13 PM org.eclipse.lsp4j.jsonrpc.RemoteEndpoint handleCancellation
WARNING: Unmatched cancel notification for request id 8879
Sep 17, 2024 2:43:13 PM org.eclipse.lsp4j.jsonrpc.RemoteEndpoint handleCancellation
WARNING: Unmatched cancel notification for request id 8880
Sep 17, 2024 2:43:13 PM org.eclipse.lsp4j.jsonrpc.RemoteEndpoint handleCancellation
WARNING: Unmatched cancel notification for request id 8881
Sep 17, 2024 2:43:13 PM org.eclipse.lsp4j.jsonrpc.RemoteEndpoint handleCancellation
WARNING: Unmatched cancel notification for request id 8883
Sep 17, 2024 2:43:14 PM org.eclipse.lsp4j.jsonrpc.RemoteEndpoint handleCancellation
WARNING: Unmatched cancel notification for request id 8890
2024.09.17 14:43:15 INFO  compiling hello-world2 (1 scala source)[0m
2024.09.17 14:43:15 INFO  time: compiled hello-world2 in 0.18s[0m
2024.09.17 14:43:22 INFO  compiling hello-world2 (1 scala source)[0m
2024.09.17 14:43:22 INFO  time: compiled hello-world2 in 0.47s[0m
2024.09.17 14:43:41 INFO  compiling hello-world2 (1 scala source)[0m
2024.09.17 14:43:41 INFO  time: compiled hello-world2 in 0.2s[0m
2024.09.17 14:43:53 INFO  compiling hello-world2 (1 scala source)[0m
2024.09.17 14:43:53 INFO  time: compiled hello-world2 in 0.63s[0m
Sep 17, 2024 2:44:09 PM org.eclipse.lsp4j.jsonrpc.RemoteEndpoint handleCancellation
WARNING: Unmatched cancel notification for request id 9029
Sep 17, 2024 2:44:09 PM org.eclipse.lsp4j.jsonrpc.RemoteEndpoint handleCancellation
WARNING: Unmatched cancel notification for request id 9031
Sep 17, 2024 2:44:09 PM org.eclipse.lsp4j.jsonrpc.RemoteEndpoint handleCancellation
WARNING: Unmatched cancel notification for request id 9033
Sep 17, 2024 2:44:09 PM org.eclipse.lsp4j.jsonrpc.RemoteEndpoint handleCancellation
WARNING: Unmatched cancel notification for request id 9036
Sep 17, 2024 2:44:09 PM org.eclipse.lsp4j.jsonrpc.RemoteEndpoint handleCancellation
WARNING: Unmatched cancel notification for request id 9037
Sep 17, 2024 2:44:09 PM org.eclipse.lsp4j.jsonrpc.RemoteEndpoint handleCancellation
WARNING: Unmatched cancel notification for request id 9038
Sep 17, 2024 2:44:09 PM org.eclipse.lsp4j.jsonrpc.RemoteEndpoint handleCancellation
WARNING: Unmatched cancel notification for request id 9039
2024.09.17 14:44:10 INFO  compiling hello-world2 (1 scala source)[0m
2024.09.17 14:44:10 INFO  time: compiled hello-world2 in 0.92s[0m
2024.09.17 14:44:34 INFO  compiling hello-world2 (1 scala source)[0m
2024.09.17 14:44:35 INFO  time: compiled hello-world2 in 1.07s[0m
2024.09.17 14:44:41 INFO  compiling hello-world2 (1 scala source)[0m
2024.09.17 14:44:41 INFO  time: compiled hello-world2 in 0.62s[0m
Sep 17, 2024 2:44:46 PM org.eclipse.lsp4j.jsonrpc.RemoteEndpoint handleCancellation
WARNING: Unmatched cancel notification for request id 9150
2024.09.17 14:44:53 INFO  compiling hello-world2 (1 scala source)[0m
2024.09.17 14:44:54 INFO  time: compiled hello-world2 in 1.2s[0m
2024.09.17 14:45:05 INFO  compiling hello-world2 (1 scala source)[0m
2024.09.17 14:45:05 INFO  time: compiled hello-world2 in 0.42s[0m
2024.09.17 14:45:26 INFO  compiling hello-world2 (1 scala source)[0m
2024.09.17 14:45:26 INFO  time: compiled hello-world2 in 0.41s[0m
2024.09.17 14:48:43 INFO  compiling hello-world2 (1 scala source)[0m
2024.09.17 14:48:43 INFO  time: compiled hello-world2 in 0.22s[0m
Sep 17, 2024 2:48:47 PM org.eclipse.lsp4j.jsonrpc.RemoteEndpoint handleCancellation
WARNING: Unmatched cancel notification for request id 9285
Sep 17, 2024 2:48:47 PM org.eclipse.lsp4j.jsonrpc.RemoteEndpoint handleCancellation
WARNING: Unmatched cancel notification for request id 9288
Sep 17, 2024 2:48:47 PM org.eclipse.lsp4j.jsonrpc.RemoteEndpoint handleCancellation
WARNING: Unmatched cancel notification for request id 9291
Sep 17, 2024 2:48:47 PM org.eclipse.lsp4j.jsonrpc.RemoteEndpoint handleCancellation
WARNING: Unmatched cancel notification for request id 9294
Sep 17, 2024 2:48:47 PM org.eclipse.lsp4j.jsonrpc.RemoteEndpoint handleCancellation
WARNING: Unmatched cancel notification for request id 9295
Sep 17, 2024 2:48:47 PM org.eclipse.lsp4j.jsonrpc.RemoteEndpoint handleCancellation
WARNING: Unmatched cancel notification for request id 9296
Sep 17, 2024 2:48:47 PM org.eclipse.lsp4j.jsonrpc.RemoteEndpoint handleCancellation
WARNING: Unmatched cancel notification for request id 9297
2024.09.17 14:48:49 INFO  compiling hello-world2 (1 scala source)[0m
2024.09.17 14:48:49 INFO  time: compiled hello-world2 in 0.86s[0m
2024.09.17 14:48:53 INFO  compiling hello-world2 (1 scala source)[0m
2024.09.17 14:48:53 INFO  time: compiled hello-world2 in 0.6s[0m
2024.09.17 14:49:12 INFO  compiling hello-world2 (1 scala source)[0m
2024.09.17 14:49:12 INFO  time: compiled hello-world2 in 0.58s[0m
2024.09.17 14:49:22 INFO  compiling hello-world2 (1 scala source)[0m
2024.09.17 14:49:22 INFO  time: compiled hello-world2 in 0.72s[0m
2024.09.17 14:49:36 INFO  compiling hello-world2 (1 scala source)[0m
2024.09.17 14:49:36 INFO  time: compiled hello-world2 in 0.67s[0m
2024.09.17 14:49:37 INFO  compiling hello-world2 (1 scala source)[0m
2024.09.17 14:49:37 INFO  time: compiled hello-world2 in 0.64s[0m
Sep 17, 2024 2:49:43 PM org.eclipse.lsp4j.jsonrpc.RemoteEndpoint handleCancellation
WARNING: Unmatched cancel notification for request id 9433
Sep 17, 2024 2:49:43 PM org.eclipse.lsp4j.jsonrpc.RemoteEndpoint handleCancellation
WARNING: Unmatched cancel notification for request id 9442
Sep 17, 2024 2:49:44 PM org.eclipse.lsp4j.jsonrpc.RemoteEndpoint handleCancellation
WARNING: Unmatched cancel notification for request id 9450
2024.09.17 14:49:48 INFO  compiling hello-world2 (1 scala source)[0m
2024.09.17 14:49:48 INFO  time: compiled hello-world2 in 0.67s[0m
Sep 17, 2024 2:50:11 PM org.eclipse.lsp4j.jsonrpc.RemoteEndpoint handleCancellation
WARNING: Unmatched cancel notification for request id 9512
Sep 17, 2024 2:50:11 PM org.eclipse.lsp4j.jsonrpc.RemoteEndpoint handleCancellation
WARNING: Unmatched cancel notification for request id 9519
2024.09.17 14:50:11 INFO  compiling hello-world2 (1 scala source)[0m
2024.09.17 14:50:11 INFO  time: compiled hello-world2 in 0.55s[0m
2024.09.17 14:50:20 INFO  compiling hello-world2 (1 scala source)[0m
2024.09.17 14:50:20 INFO  time: compiled hello-world2 in 0.43s[0m
Sep 17, 2024 2:51:07 PM org.eclipse.lsp4j.jsonrpc.RemoteEndpoint handleCancellation
WARNING: Unmatched cancel notification for request id 9548
2024.09.17 14:52:15 INFO  compiling hello-world2 (1 scala source)[0m
2024.09.17 14:52:15 INFO  time: compiled hello-world2 in 0.68s[0m
2024.09.17 14:52:22 INFO  compiling hello-world2 (1 scala source)[0m
2024.09.17 14:52:22 INFO  time: compiled hello-world2 in 0.84s[0m
2024.09.17 14:52:24 INFO  compiling hello-world2 (1 scala source)[0m
2024.09.17 14:52:24 INFO  time: compiled hello-world2 in 0.73s[0m
2024.09.17 14:52:35 INFO  compiling hello-world2 (1 scala source)[0m
2024.09.17 14:52:35 INFO  time: compiled hello-world2 in 0.63s[0m
2024.09.17 14:52:38 INFO  compiling hello-world2 (1 scala source)[0m
2024.09.17 14:52:38 INFO  time: compiled hello-world2 in 0.72s[0m
2024.09.17 14:53:27 INFO  compiling hello-world2 (1 scala source)[0m
2024.09.17 14:53:27 INFO  time: compiled hello-world2 in 0.6s[0m
2024.09.17 14:53:29 INFO  Shutting down server[0m
2024.09.17 14:53:29 INFO  shutting down Metals[0m
2024.09.17 14:53:29 INFO  Shut down connection with build server.[0m
2024.09.17 14:53:29 INFO  Shut down connection with build server.[0m
2024.09.17 14:53:29 INFO  Exiting server[0m
2024.09.23 11:13:42 INFO  Started: Metals version 1.3.5 in folders '/home/werunow/scala_project/hello-world2' for client Visual Studio Code 1.93.0.[0m
SLF4J(W): Class path contains multiple SLF4J providers.
SLF4J(W): Found provider [scribe.slf4j.ScribeServiceProvider@460e79c]
SLF4J(W): Found provider [ch.qos.logback.classic.spi.LogbackServiceProvider@5c347b7a]
SLF4J(W): See https://www.slf4j.org/codes.html#multiple_bindings for an explanation.
SLF4J(I): Actual provider is of type [scribe.slf4j.ScribeServiceProvider@460e79c]
2024.09.23 11:13:43 WARN  Flyway upgrade recommended: H2 2.3.230 is newer than this version of Flyway and support has not been tested. The latest supported version of H2 is 2.2.220.[0m
2024.09.23 11:13:44 INFO  Attempting to connect to the build server...[0m
Sep 23, 2024 11:13:45 AM org.eclipse.lsp4j.jsonrpc.RemoteEndpoint handleCancellation
WARNING: Unmatched cancel notification for request id 1
2024.09.23 11:13:46 INFO  no build target found for /home/werunow/scala_project/hello-world2/src/main/scala/sample.scala. Using presentation compiler with project's scala-library version: 3.3.3[0m
2024.09.23 11:13:51 INFO  tracing is disabled for protocol BSP, to enable tracing of incoming and outgoing JSON messages create an empty file at /home/werunow/scala_project/hello-world2/.metals/bsp.trace.json or /home/werunow/.cache/metals/bsp.trace.json[0m
2024.09.23 11:13:51 INFO  Attempting to connect to the build server...[0m
2024.09.23 11:13:51 INFO  tracing is disabled for protocol BSP, to enable tracing of incoming and outgoing JSON messages create an empty file at /home/werunow/scala_project/hello-world2/project/.metals/bsp.trace.json or /home/werunow/.cache/metals/bsp.trace.json[0m
2024.09.23 11:13:51 INFO  time: Connected to build server in 6.79s[0m
2024.09.23 11:13:51 INFO  Connected to Build server: Bloop v1.6.0[0m
2024.09.23 11:13:51 INFO  time: Imported build in 0.22s[0m
2024.09.23 11:13:57 INFO  running doctor check[0m
2024.09.23 11:13:57 INFO  java targets: hello-world2, hello-world2-build, hello-world2-test[0m
2024.09.23 11:14:40 WARN  Flyway upgrade recommended: H2 2.3.230 is newer than this version of Flyway and support has not been tested. The latest supported version of H2 is 2.2.220.[0m
2024.09.23 11:14:41 INFO  time: indexed workspace in 44s[0m
2024.09.23 11:14:42 INFO  compiling hello-world2 (1 scala source)[0m
2024.09.23 11:14:49 INFO  time: compiled hello-world2 in 6.89s[0m
2024.09.23 11:14:49 INFO  compiling hello-world2 (1 scala source)[0m
2024.09.23 11:14:52 INFO  time: compiled hello-world2 in 2.67s[0m
Sep 23, 2024 11:15:37 AM org.eclipse.lsp4j.jsonrpc.RemoteEndpoint handleCancellation
WARNING: Unmatched cancel notification for request id 15
2024.09.23 11:17:57 INFO  Shutting down server[0m
2024.09.23 11:17:57 INFO  shutting down Metals[0m
2024.09.23 11:17:57 INFO  Shut down connection with build server.[0m
2024.09.23 11:17:57 INFO  Shut down connection with build server.[0m
2024.09.23 11:17:57 INFO  Exiting server[0m
2024.11.08 14:24:21 INFO  Started: Metals version 1.4.0 in folders '/home/werunow/scala_project/hello-world2' for client Visual Studio Code 1.95.1.[0m
2024.11.08 14:24:23 WARN  Flyway upgrade recommended: H2 2.3.232 is newer than this version of Flyway and support has not been tested. The latest supported version of H2 is 2.2.224.[0m
2024.11.08 14:24:23 INFO  no build target found for /home/werunow/scala_project/hello-world2/build.sbt. Using presentation compiler with project's scala-library version: 3.3.4[0m
2024.11.08 14:24:23 INFO  Attempting to connect to the build server...[0m
2024.11.08 14:24:23 INFO  Found a Bloop server running[0m
2024.11.08 14:24:24 INFO  tracing is disabled for protocol BSP, to enable tracing of incoming and outgoing JSON messages create an empty file at /home/werunow/scala_project/hello-world2/.metals/bsp.trace.json or /home/werunow/.cache/metals/bsp.trace.json[0m
2024.11.08 14:24:24 INFO  Attempting to connect to the build server...[0m
2024.11.08 14:24:24 INFO  Found a Bloop server running[0m
2024.11.08 14:24:24 INFO  tracing is disabled for protocol BSP, to enable tracing of incoming and outgoing JSON messages create an empty file at /home/werunow/scala_project/hello-world2/project/.metals/bsp.trace.json or /home/werunow/.cache/metals/bsp.trace.json[0m
Nov 08, 2024 2:24:26 PM org.eclipse.lsp4j.jsonrpc.RemoteEndpoint handleCancellation
WARNING: Unmatched cancel notification for request id 1
Nov 08, 2024 2:24:26 PM org.eclipse.lsp4j.jsonrpc.RemoteEndpoint handleCancellation
WARNING: Unmatched cancel notification for request id 6
2024.11.08 14:24:26 INFO  no build target found for /home/werunow/scala_project/hello-world2/build.sbt. Using presentation compiler with project's scala-library version: 3.3.4[0m
2024.11.08 14:24:26 INFO  no build target found for /home/werunow/scala_project/hello-world2/build.sbt. Using presentation compiler with project's scala-library version: 3.3.4[0m
2024.11.08 14:24:26 INFO  time: Connected to build server in 3.85s[0m
2024.11.08 14:24:27 INFO  Connected to Build server: Bloop v2.0.3[0m
2024.11.08 14:24:27 INFO  time: Imported build in 0.26s[0m
2024.11.08 14:24:27 INFO  running doctor check[0m
2024.11.08 14:24:27 INFO  java targets: hello-world2, hello-world2-build, hello-world2-test[0m
2024.11.08 14:24:31 WARN  Could not find semantic tokens for: file:///home/werunow/scala_project/hello-world2/build.sbt[0m
2024.11.08 14:24:40 WARN  Flyway upgrade recommended: H2 2.3.232 is newer than this version of Flyway and support has not been tested. The latest supported version of H2 is 2.2.224.[0m
2024.11.08 14:24:42 INFO  time: indexed workspace in 14s[0m
2024.11.08 14:24:53 INFO  compiling hello-world2 (1 scala source)[0m
2024.11.08 14:25:03 INFO  time: compiled hello-world2 in 10s[0m
Nov 08, 2024 2:25:49 PM org.eclipse.lsp4j.jsonrpc.RemoteEndpoint handleCancellation
WARNING: Unmatched cancel notification for request id 184
2024.11.08 14:25:59 INFO  compiling hello-world2 (1 scala source)[0m
2024.11.08 14:26:00 INFO  time: compiled hello-world2 in 1.46s[0m
2024.11.08 14:26:03 WARN  Could not find semantic tokens for: file:///home/werunow/scala_project/hello-world2/src/main/scala/sample.scala[0m
2024.11.08 14:26:05 INFO  compiling hello-world2 (1 scala source)[0m
2024.11.08 14:26:05 INFO  time: compiled hello-world2 in 0.25s[0m
2024.11.08 14:26:05 WARN  Could not find semantic tokens for: file:///home/werunow/scala_project/hello-world2/src/main/scala/sample.scala[0m
2024.11.08 14:26:07 WARN  Could not find semantic tokens for: file:///home/werunow/scala_project/hello-world2/src/main/scala/sample.scala[0m
Nov 08, 2024 2:26:07 PM org.eclipse.lsp4j.jsonrpc.RemoteEndpoint handleCancellation
WARNING: Unmatched cancel notification for request id 258
2024.11.08 14:26:07 WARN  Could not find semantic tokens for: file:///home/werunow/scala_project/hello-world2/src/main/scala/sample.scala[0m
2024.11.08 14:26:10 WARN  Could not find semantic tokens for: file:///home/werunow/scala_project/hello-world2/src/main/scala/sample.scala[0m
Nov 08, 2024 2:26:12 PM org.eclipse.lsp4j.jsonrpc.RemoteEndpoint handleCancellation
WARNING: Unmatched cancel notification for request id 292
Nov 08, 2024 2:26:21 PM org.eclipse.lsp4j.jsonrpc.RemoteEndpoint handleCancellation
WARNING: Unmatched cancel notification for request id 396
2024.11.08 14:26:27 INFO  compiling hello-world2 (1 scala source)[0m
2024.11.08 14:26:27 INFO  time: compiled hello-world2 in 0.84s[0m
2024.11.08 14:27:08 INFO  skipping build import with status 'Installed'[0m
2024.11.08 14:27:08 INFO  Disconnecting from Bloop session...[0m
2024.11.08 14:27:08 INFO  Shut down connection with build server.[0m
2024.11.08 14:27:08 INFO  Shut down connection with build server.[0m
2024.11.08 14:27:08 INFO  Attempting to connect to the build server...[0m
2024.11.08 14:27:08 INFO  Found a Bloop server running[0m
2024.11.08 14:27:08 INFO  tracing is disabled for protocol BSP, to enable tracing of incoming and outgoing JSON messages create an empty file at /home/werunow/scala_project/hello-world2/.metals/bsp.trace.json or /home/werunow/.cache/metals/bsp.trace.json[0m
2024.11.08 14:27:08 INFO  Attempting to connect to the build server...[0m
2024.11.08 14:27:08 INFO  Found a Bloop server running[0m
2024.11.08 14:27:08 INFO  no build target found for /home/werunow/scala_project/hello-world2/build.sbt. Using presentation compiler with project's scala-library version: 3.3.4[0m
2024.11.08 14:27:08 INFO  tracing is disabled for protocol BSP, to enable tracing of incoming and outgoing JSON messages create an empty file at /home/werunow/scala_project/hello-world2/project/.metals/bsp.trace.json or /home/werunow/.cache/metals/bsp.trace.json[0m
2024.11.08 14:27:08 INFO  time: Connected to build server in 0.26s[0m
2024.11.08 14:27:08 INFO  Connected to Build server: Bloop v2.0.3[0m
2024.11.08 14:27:08 INFO  running doctor check[0m
2024.11.08 14:27:08 INFO  java targets: hello-world2, hello-world2-build, hello-world2-test[0m
2024.11.08 14:27:11 INFO  time: indexed workspace in 2.62s[0m
2024.11.08 14:27:12 INFO  time: code lens generation in 1.17s[0m
2024.11.08 14:33:14 INFO  compiling hello-world2 (1 scala source)[0m
2024.11.08 14:33:14 WARN  Could not find semantic tokens for: file:///home/werunow/scala_project/hello-world2/src/main/scala/sample2.scala[0m
2024.11.08 14:33:14 INFO  time: compiled hello-world2 in 0.23s[0m
2024.11.08 14:33:14 WARN  Could not find semantic tokens for: file:///home/werunow/scala_project/hello-world2/src/main/scala/sample2.scala[0m
2024.11.08 14:33:17 WARN  Could not find semantic tokens for: file:///home/werunow/scala_project/hello-world2/src/main/scala/sample2.scala[0m
2024.11.08 14:33:18 INFO  compiling hello-world2 (1 scala source)[0m
2024.11.08 14:33:18 INFO  time: compiled hello-world2 in 0.45s[0m
2024.11.08 14:36:07 WARN  Could not find semantic tokens for: file:///home/werunow/scala_project/hello-world2/src/main/scala/sample2.scala[0m
Nov 08, 2024 2:36:41 PM org.eclipse.lsp4j.jsonrpc.RemoteEndpoint handleCancellation
WARNING: Unmatched cancel notification for request id 931
Nov 08, 2024 2:37:13 PM org.eclipse.lsp4j.jsonrpc.RemoteEndpoint handleCancellation
WARNING: Unmatched cancel notification for request id 1273
2024.11.08 14:37:17 INFO  compiling hello-world2 (2 scala sources)[0m
2024.11.08 14:37:17 INFO  time: compiled hello-world2 in 0.64s[0m
2024.11.08 14:37:41 INFO  compiling hello-world2 (2 scala sources)[0m
2024.11.08 14:37:41 INFO  time: compiled hello-world2 in 0.82s[0m
Nov 08, 2024 2:38:07 PM org.eclipse.lsp4j.jsonrpc.RemoteEndpoint handleCancellation
WARNING: Unmatched cancel notification for request id 1318
2024.11.08 14:38:08 INFO  compiling hello-world2 (2 scala sources)[0m
2024.11.08 14:38:08 INFO  time: compiled hello-world2 in 0.82s[0m
Nov 08, 2024 2:38:13 PM org.eclipse.lsp4j.jsonrpc.RemoteEndpoint handleCancellation
WARNING: Unmatched cancel notification for request id 1337
Nov 08, 2024 2:39:18 PM org.eclipse.lsp4j.jsonrpc.RemoteEndpoint handleCancellation
WARNING: Unmatched cancel notification for request id 1478
2024.11.08 14:39:27 INFO  compiling hello-world2 (1 scala source)[0m
2024.11.08 14:39:27 INFO  time: compiled hello-world2 in 0.42s[0m
2024.11.08 14:39:43 INFO  compiling hello-world2 (1 scala source)[0m
2024.11.08 14:39:43 INFO  time: compiled hello-world2 in 0.42s[0m
2024.11.08 14:39:51 INFO  compiling hello-world2 (1 scala source)[0m
2024.11.08 14:39:51 INFO  time: compiled hello-world2 in 0.39s[0m
2024.11.08 14:40:12 INFO  compiling hello-world2 (1 scala source)[0m
2024.11.08 14:40:12 INFO  time: compiled hello-world2 in 0.18s[0m
2024.11.08 14:40:35 INFO  compiling hello-world2 (1 scala source)[0m
2024.11.08 14:40:35 INFO  time: compiled hello-world2 in 0.72s[0m
2024.11.08 14:42:34 INFO  compiling hello-world2 (1 scala source)[0m
2024.11.08 14:42:34 INFO  time: compiled hello-world2 in 88ms[0m
2024.11.08 14:42:34 WARN  Could not find semantic tokens for: file:///home/werunow/scala_project/hello-world2/src/main/scala/sample3.scala[0m
2024.11.08 14:42:35 WARN  Could not find semantic tokens for: file:///home/werunow/scala_project/hello-world2/src/main/scala/sample3.scala[0m
2024.11.08 14:42:38 WARN  Could not find semantic tokens for: file:///home/werunow/scala_project/hello-world2/src/main/scala/sample3.scala[0m
2024.11.08 14:42:43 WARN  Could not find semantic tokens for: file:///home/werunow/scala_project/hello-world2/src/main/scala/sample3.scala[0m
2024.11.08 14:42:43 WARN  Could not find semantic tokens for: file:///home/werunow/scala_project/hello-world2/src/main/scala/sample3.scala[0m
Nov 08, 2024 2:43:05 PM org.eclipse.lsp4j.jsonrpc.RemoteEndpoint handleCancellation
WARNING: Unmatched cancel notification for request id 1962
Nov 08, 2024 2:43:05 PM org.eclipse.lsp4j.jsonrpc.RemoteEndpoint handleCancellation
WARNING: Unmatched cancel notification for request id 1972
Nov 08, 2024 2:43:07 PM org.eclipse.lsp4j.jsonrpc.RemoteEndpoint handleCancellation
WARNING: Unmatched cancel notification for request id 1991
2024.11.08 14:43:16 INFO  compiling hello-world2 (1 scala source)[0m
2024.11.08 14:43:16 INFO  time: compiled hello-world2 in 0.38s[0m
Nov 08, 2024 2:44:46 PM org.eclipse.lsp4j.jsonrpc.RemoteEndpoint handleCancellation
WARNING: Unmatched cancel notification for request id 2414
Nov 08, 2024 2:47:46 PM org.eclipse.lsp4j.jsonrpc.RemoteEndpoint handleCancellation
WARNING: Unmatched cancel notification for request id 2664
Nov 08, 2024 2:47:48 PM org.eclipse.lsp4j.jsonrpc.RemoteEndpoint handleCancellation
WARNING: Unmatched cancel notification for request id 2696
Nov 08, 2024 2:47:49 PM org.eclipse.lsp4j.jsonrpc.RemoteEndpoint handleCancellation
WARNING: Unmatched cancel notification for request id 2720
Nov 08, 2024 2:47:50 PM org.eclipse.lsp4j.jsonrpc.RemoteEndpoint handleCancellation
WARNING: Unmatched cancel notification for request id 2740
Nov 08, 2024 2:47:50 PM org.eclipse.lsp4j.jsonrpc.RemoteEndpoint handleCancellation
WARNING: Unmatched cancel notification for request id 2743
2024.11.08 14:48:12 INFO  compiling hello-world2 (3 scala sources)[0m
2024.11.08 14:48:12 INFO  time: compiled hello-world2 in 0.36s[0m
2024.11.08 14:48:18 INFO  compiling hello-world2 (3 scala sources)[0m
2024.11.08 14:48:18 INFO  time: compiled hello-world2 in 0.19s[0m
Nov 08, 2024 2:51:31 PM org.eclipse.lsp4j.jsonrpc.RemoteEndpoint handleCancellation
WARNING: Unmatched cancel notification for request id 2899
2024.11.08 14:51:33 INFO  compiling hello-world2 (3 scala sources)[0m
2024.11.08 14:51:33 INFO  time: compiled hello-world2 in 0.32s[0m
Nov 08, 2024 2:56:00 PM org.eclipse.lsp4j.jsonrpc.RemoteEndpoint handleCancellation
WARNING: Unmatched cancel notification for request id 3004
2024.11.08 14:56:23 INFO  compiling hello-world2 (3 scala sources)[0m
2024.11.08 14:56:23 INFO  time: compiled hello-world2 in 0.27s[0m
Nov 08, 2024 2:56:56 PM org.eclipse.lsp4j.jsonrpc.RemoteEndpoint handleCancellation
WARNING: Unmatched cancel notification for request id 3160
2024.11.08 15:00:08 INFO  compiling hello-world2 (3 scala sources)[0m
2024.11.08 15:00:08 INFO  time: compiled hello-world2 in 0.34s[0m
Nov 08, 2024 3:02:09 PM org.eclipse.lsp4j.jsonrpc.RemoteEndpoint handleCancellation
WARNING: Unmatched cancel notification for request id 3603
Nov 08, 2024 3:02:21 PM org.eclipse.lsp4j.jsonrpc.RemoteEndpoint handleCancellation
WARNING: Unmatched cancel notification for request id 3673
2024.11.08 15:02:39 INFO  compiling hello-world2 (3 scala sources)[0m
2024.11.08 15:02:39 INFO  time: compiled hello-world2 in 0.81s[0m
2024.11.08 15:03:06 INFO  compiling hello-world2 (3 scala sources)[0m
2024.11.08 15:03:06 INFO  time: compiled hello-world2 in 0.73s[0m
2024.11.08 15:03:30 INFO  compiling hello-world2 (3 scala sources)[0m
2024.11.08 15:03:30 INFO  time: compiled hello-world2 in 0.58s[0m
2024.11.08 15:03:40 INFO  compiling hello-world2 (3 scala sources)[0m
2024.11.08 15:03:40 INFO  time: compiled hello-world2 in 0.46s[0m
2024.11.08 15:04:03 INFO  compiling hello-world2 (3 scala sources)[0m
2024.11.08 15:04:03 INFO  time: compiled hello-world2 in 0.35s[0m
2024.11.08 15:04:13 INFO  compiling hello-world2 (3 scala sources)[0m
2024.11.08 15:04:13 INFO  time: compiled hello-world2 in 0.45s[0m
2024.11.08 15:04:31 INFO  compiling hello-world2 (3 scala sources)[0m
2024.11.08 15:04:31 INFO  time: compiled hello-world2 in 0.44s[0m
Nov 08, 2024 3:04:51 PM org.eclipse.lsp4j.jsonrpc.RemoteEndpoint handleCancellation
WARNING: Unmatched cancel notification for request id 4454
Nov 08, 2024 3:04:58 PM org.eclipse.lsp4j.jsonrpc.RemoteEndpoint handleCancellation
WARNING: Unmatched cancel notification for request id 4525
2024.11.08 15:05:05 INFO  compiling hello-world2 (3 scala sources)[0m
2024.11.08 15:05:05 INFO  time: compiled hello-world2 in 0.35s[0m
Nov 08, 2024 3:05:55 PM org.eclipse.lsp4j.jsonrpc.RemoteEndpoint handleCancellation
WARNING: Unmatched cancel notification for request id 4630
Nov 08, 2024 3:06:04 PM org.eclipse.lsp4j.jsonrpc.RemoteEndpoint handleCancellation
WARNING: Unmatched cancel notification for request id 4738
Nov 08, 2024 3:08:14 PM org.eclipse.lsp4j.jsonrpc.RemoteEndpoint handleCancellation
WARNING: Unmatched cancel notification for request id 5147
Nov 08, 2024 3:08:35 PM scala.meta.internal.pc.CompilerAccess handleError
SEVERE: A severe compiler error occurred, full details of the error can be found in the error report /home/werunow/scala_project/hello-world2/.metals/.reports/metals-full/2024-11-08/r_compiler-error_(hello-world2)_15-08-35-940.md
2024.11.08 15:08:39 INFO  compiling hello-world2 (3 scala sources)[0m
2024.11.08 15:08:39 INFO  time: compiled hello-world2 in 0.43s[0m
2024.11.08 15:08:52 INFO  compiling hello-world2 (2 scala sources)[0m
2024.11.08 15:08:52 WARN  Invalid text document uri received from build server: file:///home/werunow/scala_project/hello-world2/src/main/scala/sample3.scala[0m
2024.11.08 15:08:52 INFO  time: compiled hello-world2 in 0.44s[0m
2024.11.08 15:08:57 INFO  compiling hello-world2 (2 scala sources)[0m
2024.11.08 15:08:57 INFO  time: compiled hello-world2 in 0.37s[0m
2024.11.08 15:09:15 INFO  compiling hello-world2 (2 scala sources)[0m
2024.11.08 15:09:15 INFO  time: compiled hello-world2 in 0.32s[0m
2024.11.08 15:09:55 INFO  compiling hello-world2 (2 scala sources)[0m
2024.11.08 15:09:55 INFO  time: compiled hello-world2 in 0.43s[0m
Nov 08, 2024 3:10:13 PM org.eclipse.lsp4j.jsonrpc.RemoteEndpoint handleCancellation
WARNING: Unmatched cancel notification for request id 5636
Nov 08, 2024 3:10:23 PM org.eclipse.lsp4j.jsonrpc.RemoteEndpoint handleCancellation
WARNING: Unmatched cancel notification for request id 5672
2024.11.08 15:10:27 INFO  compiling hello-world2 (2 scala sources)[0m
2024.11.08 15:10:27 INFO  time: compiled hello-world2 in 0.33s[0m
Nov 08, 2024 3:10:50 PM org.eclipse.lsp4j.jsonrpc.RemoteEndpoint handleCancellation
WARNING: Unmatched cancel notification for request id 5764
2024.11.08 15:11:07 INFO  compiling hello-world2 (2 scala sources)[0m
2024.11.08 15:11:07 INFO  time: compiled hello-world2 in 0.43s[0m
2024.11.08 15:11:30 INFO  compiling hello-world2 (2 scala sources)[0m
2024.11.08 15:11:30 INFO  time: compiled hello-world2 in 0.28s[0m
2024.11.08 15:11:38 INFO  compiling hello-world2 (2 scala sources)[0m
2024.11.08 15:11:38 INFO  time: compiled hello-world2 in 0.39s[0m
Nov 08, 2024 3:12:43 PM org.eclipse.lsp4j.jsonrpc.RemoteEndpoint handleCancellation
WARNING: Unmatched cancel notification for request id 6150
2024.11.08 15:12:47 INFO  compiling hello-world2 (2 scala sources)[0m
2024.11.08 15:12:47 INFO  time: compiled hello-world2 in 0.35s[0m
Nov 08, 2024 3:12:56 PM org.eclipse.lsp4j.jsonrpc.RemoteEndpoint handleCancellation
WARNING: Unmatched cancel notification for request id 6214
Nov 08, 2024 3:12:56 PM org.eclipse.lsp4j.jsonrpc.RemoteEndpoint handleCancellation
WARNING: Unmatched cancel notification for request id 6216
2024.11.08 15:12:58 INFO  compiling hello-world2 (2 scala sources)[0m
2024.11.08 15:12:58 INFO  time: compiled hello-world2 in 0.26s[0m
2024.11.08 15:13:44 INFO  compiling hello-world2 (2 scala sources)[0m
2024.11.08 15:13:44 INFO  time: compiled hello-world2 in 0.4s[0m
2024.11.08 15:13:50 INFO  compiling hello-world2 (2 scala sources)[0m
2024.11.08 15:13:50 INFO  time: compiled hello-world2 in 0.36s[0m
Nov 08, 2024 3:15:27 PM org.eclipse.lsp4j.jsonrpc.RemoteEndpoint handleCancellation
WARNING: Unmatched cancel notification for request id 6432
2024.11.08 15:15:29 INFO  compiling hello-world2 (2 scala sources)[0m
Nov 08, 2024 3:15:29 PM org.eclipse.lsp4j.jsonrpc.RemoteEndpoint handleCancellation
WARNING: Unmatched cancel notification for request id 6460
2024.11.08 15:15:29 INFO  time: compiled hello-world2 in 0.73s[0m
Nov 08, 2024 3:16:31 PM org.eclipse.lsp4j.jsonrpc.RemoteEndpoint handleCancellation
WARNING: Unmatched cancel notification for request id 6511
Nov 08, 2024 3:16:31 PM org.eclipse.lsp4j.jsonrpc.RemoteEndpoint handleCancellation
WARNING: Unmatched cancel notification for request id 6512
Nov 08, 2024 3:16:31 PM org.eclipse.lsp4j.jsonrpc.RemoteEndpoint handleCancellation
WARNING: Unmatched cancel notification for request id 6514
Nov 08, 2024 3:16:31 PM org.eclipse.lsp4j.jsonrpc.RemoteEndpoint handleCancellation
WARNING: Unmatched cancel notification for request id 6527
Nov 08, 2024 3:16:31 PM org.eclipse.lsp4j.jsonrpc.RemoteEndpoint handleCancellation
WARNING: Unmatched cancel notification for request id 6526
Nov 08, 2024 3:16:32 PM org.eclipse.lsp4j.jsonrpc.RemoteEndpoint handleCancellation
WARNING: Unmatched cancel notification for request id 6531
Nov 08, 2024 3:16:32 PM org.eclipse.lsp4j.jsonrpc.RemoteEndpoint handleCancellation
WARNING: Unmatched cancel notification for request id 6535
Nov 08, 2024 3:16:32 PM org.eclipse.lsp4j.jsonrpc.RemoteEndpoint handleCancellation
WARNING: Unmatched cancel notification for request id 6536
Nov 08, 2024 3:16:32 PM org.eclipse.lsp4j.jsonrpc.RemoteEndpoint handleCancellation
WARNING: Unmatched cancel notification for request id 6537
Nov 08, 2024 3:16:32 PM org.eclipse.lsp4j.jsonrpc.RemoteEndpoint handleCancellation
WARNING: Unmatched cancel notification for request id 6547
Nov 08, 2024 3:16:32 PM org.eclipse.lsp4j.jsonrpc.RemoteEndpoint handleCancellation
WARNING: Unmatched cancel notification for request id 6552
Nov 08, 2024 3:17:00 PM org.eclipse.lsp4j.jsonrpc.RemoteEndpoint handleCancellation
WARNING: Unmatched cancel notification for request id 6701
Nov 08, 2024 3:17:57 PM org.eclipse.lsp4j.jsonrpc.RemoteEndpoint handleCancellation
WARNING: Unmatched cancel notification for request id 6925
Nov 08, 2024 3:18:00 PM org.eclipse.lsp4j.jsonrpc.RemoteEndpoint handleCancellation
WARNING: Unmatched cancel notification for request id 6963
Nov 08, 2024 3:18:01 PM org.eclipse.lsp4j.jsonrpc.RemoteEndpoint handleCancellation
WARNING: Unmatched cancel notification for request id 6975
Nov 08, 2024 3:18:33 PM org.eclipse.lsp4j.jsonrpc.RemoteEndpoint handleCancellation
WARNING: Unmatched cancel notification for request id 7173
2024.11.08 15:18:47 INFO  compiling hello-world2 (1 scala source)[0m
2024.11.08 15:18:47 INFO  time: compiled hello-world2 in 0.19s[0m
2024.11.08 15:18:48 WARN  Could not load snapshot text for /home/werunow/scala_project/hello-world2/src/main/scala/sample2.scala[0m
2024.11.08 15:18:51 WARN  Could not load snapshot text for /home/werunow/scala_project/hello-world2/src/main/scala/sample2.scala[0m
2024.11.08 15:18:51 INFO  compiling hello-world2 (1 scala source)[0m
2024.11.08 15:18:51 INFO  time: compiled hello-world2 in 0.55s[0m
Nov 08, 2024 3:19:09 PM org.eclipse.lsp4j.jsonrpc.RemoteEndpoint handleCancellation
WARNING: Unmatched cancel notification for request id 7280
Nov 08, 2024 3:19:13 PM org.eclipse.lsp4j.jsonrpc.RemoteEndpoint handleCancellation
WARNING: Unmatched cancel notification for request id 7306
2024.11.08 15:19:29 INFO  compiling hello-world2 (1 scala source)[0m
2024.11.08 15:19:29 INFO  time: compiled hello-world2 in 0.48s[0m
2024.11.08 15:28:32 INFO  compiling hello-world2 (1 scala source)[0m
2024.11.08 15:28:32 INFO  time: compiled hello-world2 in 0.46s[0m
2024.11.08 15:28:46 INFO  compiling hello-world2 (1 scala source)[0m
2024.11.08 15:28:46 INFO  time: compiled hello-world2 in 0.49s[0m
Nov 08, 2024 3:31:03 PM org.eclipse.lsp4j.jsonrpc.RemoteEndpoint handleCancellation
WARNING: Unmatched cancel notification for request id 7560
2024.11.08 15:34:55 INFO  Shutting down server[0m
2024.11.08 15:34:55 INFO  shutting down Metals[0m
2024.11.08 15:34:55 INFO  Shut down connection with build server.[0m
2024.11.08 15:34:55 INFO  Shut down connection with build server.[0m
2024.11.08 15:34:55 INFO  Exiting server[0m
2024.11.09 09:07:34 INFO  Started: Metals version 1.4.0 in folders '/home/werunow/scala_project/hello-world2' for client Visual Studio Code 1.95.2.[0m
2024.11.11 16:33:41 INFO  Started: Metals version 1.4.0 in folders '/home/werunow/scala_project/hello-world2' for client Visual Studio Code 1.95.2.[0m
2024.11.11 16:33:43 WARN  Flyway upgrade recommended: H2 2.3.232 is newer than this version of Flyway and support has not been tested. The latest supported version of H2 is 2.2.224.[0m
2024.11.11 16:33:43 INFO  no build target found for /home/werunow/scala_project/hello-world2/src/main/scala/sample2.scala. Using presentation compiler with project's scala-library version: 3.3.4[0m
2024.11.11 16:33:43 INFO  Attempting to connect to the build server...[0m
2024.11.11 16:33:43 INFO  No running Bloop server found, starting one.[0m
2024.11.11 16:33:46 INFO  Starting compilation server[0m
2024.11.11 16:33:47 INFO  no build target found for /home/werunow/scala_project/hello-world2/src/main/scala/sample2.scala. Using presentation compiler with project's scala-library version: 3.3.4[0m
Nov 11, 2024 4:33:47 PM org.eclipse.lsp4j.jsonrpc.RemoteEndpoint handleCancellation
WARNING: Unmatched cancel notification for request id 3
2024.11.11 16:33:47 INFO  no build target found for /home/werunow/scala_project/hello-world2/src/main/scala/sample2.scala. Using presentation compiler with project's scala-library version: 3.3.4[0m
2024.11.11 16:33:47 INFO  no build target found for /home/werunow/scala_project/hello-world2/src/main/scala/sample2.scala. Using presentation compiler with project's scala-library version: 3.3.4[0m
2024.11.11 16:33:47 INFO  no build target found for /home/werunow/scala_project/hello-world2/src/main/scala/sample2.scala. Using presentation compiler with project's scala-library version: 3.3.4[0m
Nov 11, 2024 4:33:47 PM org.eclipse.lsp4j.jsonrpc.RemoteEndpoint handleCancellation
WARNING: Unmatched cancel notification for request id 2
2024.11.11 16:33:47 INFO  no build target found for /home/werunow/scala_project/hello-world2/src/main/scala/sample2.scala. Using presentation compiler with project's scala-library version: 3.3.4[0m
2024.11.11 16:33:47 INFO  no build target found for /home/werunow/scala_project/hello-world2/src/main/scala/sample2.scala. Using presentation compiler with project's scala-library version: 3.3.4[0m
2024.11.11 16:33:50 INFO  no build target found for /home/werunow/scala_project/hello-world2/src/main/scala/sample2.scala. Using presentation compiler with project's scala-library version: 3.3.4[0m
2024.11.11 16:33:50 INFO  no build target found for /home/werunow/scala_project/hello-world2/src/main/scala/sample2.scala. Using presentation compiler with project's scala-library version: 3.3.4[0m
2024.11.11 16:33:50 INFO  no build target found for /home/werunow/scala_project/hello-world2/src/main/scala/sample2.scala. Using presentation compiler with project's scala-library version: 3.3.4[0m
2024.11.11 16:33:52 INFO  tracing is disabled for protocol BSP, to enable tracing of incoming and outgoing JSON messages create an empty file at /home/werunow/scala_project/hello-world2/.metals/bsp.trace.json or /home/werunow/.cache/metals/bsp.trace.json[0m
2024.11.11 16:33:54 INFO  Attempting to connect to the build server...[0m
2024.11.11 16:33:54 INFO  Found a Bloop server running[0m
2024.11.11 16:33:54 INFO  tracing is disabled for protocol BSP, to enable tracing of incoming and outgoing JSON messages create an empty file at /home/werunow/scala_project/hello-world2/project/.metals/bsp.trace.json or /home/werunow/.cache/metals/bsp.trace.json[0m
2024.11.11 16:33:54 INFO  time: Connected to build server in 11s[0m
2024.11.11 16:33:54 INFO  Connected to Build server: Bloop v2.0.3[0m
2024.11.11 16:33:55 INFO  time: Imported build in 0.28s[0m
2024.11.11 16:33:54 INFO  running doctor check[0m
2024.11.11 16:33:54 INFO  java targets: hello-world2, hello-world2-build, hello-world2-test[0m
2024.11.11 16:34:01 WARN  Flyway upgrade recommended: H2 2.3.232 is newer than this version of Flyway and support has not been tested. The latest supported version of H2 is 2.2.224.[0m
2024.11.11 16:34:02 INFO  time: indexed workspace in 7.76s[0m
2024.11.11 16:34:39 INFO  compiling hello-world2 (1 scala source)[0m
2024.11.11 16:34:46 INFO  time: compiled hello-world2 in 6.63s[0m
2024.11.11 16:35:32 INFO  compiling hello-world2 (1 scala source)[0m
2024.11.11 16:35:34 INFO  time: compiled hello-world2 in 1.35s[0m
2024.11.11 16:36:06 INFO  compiling hello-world2 (1 scala source)[0m
2024.11.11 16:36:07 INFO  time: compiled hello-world2 in 1.21s[0m
Nov 11, 2024 4:36:18 PM org.eclipse.lsp4j.jsonrpc.RemoteEndpoint handleCancellation
WARNING: Unmatched cancel notification for request id 416
Nov 11, 2024 4:36:22 PM org.eclipse.lsp4j.jsonrpc.RemoteEndpoint handleCancellation
WARNING: Unmatched cancel notification for request id 453
Nov 11, 2024 4:36:22 PM org.eclipse.lsp4j.jsonrpc.RemoteEndpoint handleCancellation
WARNING: Unmatched cancel notification for request id 456
Nov 11, 2024 4:36:22 PM org.eclipse.lsp4j.jsonrpc.RemoteEndpoint handleCancellation
WARNING: Unmatched cancel notification for request id 457
Nov 11, 2024 4:36:22 PM org.eclipse.lsp4j.jsonrpc.RemoteEndpoint handleCancellation
WARNING: Unmatched cancel notification for request id 458
Nov 11, 2024 4:36:22 PM org.eclipse.lsp4j.jsonrpc.RemoteEndpoint handleCancellation
WARNING: Unmatched cancel notification for request id 460
Nov 11, 2024 4:36:22 PM org.eclipse.lsp4j.jsonrpc.RemoteEndpoint handleCancellation
WARNING: Unmatched cancel notification for request id 461
Nov 11, 2024 4:36:22 PM org.eclipse.lsp4j.jsonrpc.RemoteEndpoint handleCancellation
WARNING: Unmatched cancel notification for request id 462
2024.11.11 16:36:24 WARN  Could not load snapshot text for /home/werunow/scala_project/hello-world2/src/main/scala/sample2.scala[0m
2024.11.11 16:36:24 WARN  Could not load snapshot text for /home/werunow/scala_project/hello-world2/src/main/scala/sample2.scala[0m
2024.11.11 16:36:24 WARN  Could not load snapshot text for /home/werunow/scala_project/hello-world2/src/main/scala/sample2.scala[0m
2024.11.11 16:36:24 WARN  Could not load snapshot text for /home/werunow/scala_project/hello-world2/src/main/scala/sample2.scala[0m
2024.11.11 16:36:24 INFO  compiling hello-world2 (1 scala source)[0m
2024.11.11 16:36:25 INFO  time: compiled hello-world2 in 1.06s[0m
2024.11.11 16:36:42 INFO  compiling hello-world2 (1 scala source)[0m
Nov 11, 2024 4:36:42 PM org.eclipse.lsp4j.jsonrpc.RemoteEndpoint handleCancellation
WARNING: Unmatched cancel notification for request id 545
2024.11.11 16:36:42 INFO  time: compiled hello-world2 in 0.76s[0m
2024.11.11 16:37:33 INFO  compiling hello-world2 (1 scala source)[0m
2024.11.11 16:37:33 INFO  time: compiled hello-world2 in 0.62s[0m
2024.11.11 16:37:47 INFO  compiling hello-world2 (1 scala source)[0m
2024.11.11 16:37:47 INFO  time: compiled hello-world2 in 0.77s[0m
2024.11.11 16:39:09 INFO  compiling hello-world2 (1 scala source)[0m
2024.11.11 16:39:09 INFO  time: compiled hello-world2 in 0.76s[0m
Nov 11, 2024 4:44:45 PM org.eclipse.lsp4j.jsonrpc.RemoteEndpoint handleCancellation
WARNING: Unmatched cancel notification for request id 969
Nov 11, 2024 4:48:51 PM org.eclipse.lsp4j.jsonrpc.RemoteEndpoint handleCancellation
WARNING: Unmatched cancel notification for request id 1268
2024.11.11 16:50:49 INFO  compiling hello-world2 (1 scala source)[0m
2024.11.11 16:50:49 INFO  time: compiled hello-world2 in 0.72s[0m
2024.11.11 17:10:47 INFO  time: code lens generation in 2.81s[0m
2024.11.11 17:38:51 INFO  Shutting down server[0m
2024.11.11 17:38:51 INFO  shutting down Metals[0m
2024.11.11 17:38:51 INFO  Shut down connection with build server.[0m
2024.11.11 17:38:51 INFO  Shut down connection with build server.[0m
2024.11.11 17:38:51 INFO  Exiting server[0m
2024.11.11 17:44:13 INFO  Started: Metals version 1.4.0 in folders '/home/werunow/scala_project/hello-world2' for client Visual Studio Code 1.95.2.[0m
2024.11.11 17:44:15 WARN  Flyway upgrade recommended: H2 2.3.232 is newer than this version of Flyway and support has not been tested. The latest supported version of H2 is 2.2.224.[0m
2024.11.11 17:44:15 INFO  no build target found for /home/werunow/scala_project/hello-world2/src/main/scala/sample2.scala. Using presentation compiler with project's scala-library version: 3.3.4[0m
2024.11.11 17:44:15 INFO  Attempting to connect to the build server...[0m
2024.11.11 17:44:15 INFO  No running Bloop server found, starting one.[0m
Nov 11, 2024 5:44:18 PM org.eclipse.lsp4j.jsonrpc.RemoteEndpoint handleCancellation
WARNING: Unmatched cancel notification for request id 1
2024.11.11 17:44:18 INFO  no build target found for /home/werunow/scala_project/hello-world2/src/main/scala/sample2.scala. Using presentation compiler with project's scala-library version: 3.3.4[0m
2024.11.11 17:44:19 INFO  Starting compilation server[0m
Nov 11, 2024 5:44:19 PM org.eclipse.lsp4j.jsonrpc.RemoteEndpoint handleCancellation
WARNING: Unmatched cancel notification for request id 3
2024.11.11 17:44:19 INFO  no build target found for /home/werunow/scala_project/hello-world2/src/main/scala/sample2.scala. Using presentation compiler with project's scala-library version: 3.3.4[0m
2024.11.11 17:44:18 INFO  no build target found for /home/werunow/scala_project/hello-world2/src/main/scala/sample2.scala. Using presentation compiler with project's scala-library version: 3.3.4[0m
2024.11.11 17:44:20 INFO  no build target found for /home/werunow/scala_project/hello-world2/src/main/scala/sample2.scala. Using presentation compiler with project's scala-library version: 3.3.4[0m
2024.11.11 17:44:21 INFO  no build target found for /home/werunow/scala_project/hello-world2/src/main/scala/sample2.scala. Using presentation compiler with project's scala-library version: 3.3.4[0m
2024.11.11 17:44:21 INFO  no build target found for /home/werunow/scala_project/hello-world2/src/main/scala/sample2.scala. Using presentation compiler with project's scala-library version: 3.3.4[0m
2024.11.11 17:44:21 INFO  no build target found for /home/werunow/scala_project/hello-world2/src/main/scala/sample2.scala. Using presentation compiler with project's scala-library version: 3.3.4[0m
2024.11.11 17:44:23 INFO  no build target found for /home/werunow/scala_project/hello-world2/src/main/scala/sample2.scala. Using presentation compiler with project's scala-library version: 3.3.4[0m
2024.11.11 17:44:23 INFO  tracing is disabled for protocol BSP, to enable tracing of incoming and outgoing JSON messages create an empty file at /home/werunow/scala_project/hello-world2/.metals/bsp.trace.json or /home/werunow/.cache/metals/bsp.trace.json[0m
2024.11.11 17:44:24 INFO  no build target found for /home/werunow/scala_project/hello-world2/src/main/scala/sample2.scala. Using presentation compiler with project's scala-library version: 3.3.4[0m
2024.11.11 17:44:26 INFO  Attempting to connect to the build server...[0m
2024.11.11 17:44:26 INFO  Found a Bloop server running[0m
2024.11.11 17:44:26 INFO  tracing is disabled for protocol BSP, to enable tracing of incoming and outgoing JSON messages create an empty file at /home/werunow/scala_project/hello-world2/project/.metals/bsp.trace.json or /home/werunow/.cache/metals/bsp.trace.json[0m
2024.11.11 17:44:26 INFO  time: Connected to build server in 10s[0m
2024.11.11 17:44:26 INFO  Connected to Build server: Bloop v2.0.3[0m
2024.11.11 17:44:26 INFO  time: Imported build in 0.28s[0m
2024.11.11 17:44:27 INFO  running doctor check[0m
2024.11.11 17:44:27 INFO  java targets: hello-world2, hello-world2-build, hello-world2-test[0m
2024.11.11 17:44:29 WARN  Flyway upgrade recommended: H2 2.3.232 is newer than this version of Flyway and support has not been tested. The latest supported version of H2 is 2.2.224.[0m
2024.11.11 17:44:29 INFO  time: indexed workspace in 3.47s[0m
2024.11.11 17:44:49 INFO  Shutting down server[0m
2024.11.11 17:44:49 INFO  shutting down Metals[0m
2024.11.11 17:44:49 INFO  Shut down connection with build server.[0m
2024.11.11 17:44:49 INFO  Shut down connection with build server.[0m
2024.11.11 17:44:49 INFO  Exiting server[0m
